<?xml version="1.0" encoding="UTF-8" ?>
<testsuites>
  <testsuite errors="1" failures="0" hostname="LP1-AP-51762237" id="0" name="BeanTest" package="com.ibatis.jpetstore.domain" skipped="0" tests="1" time="0.052" timestamp="2019-04-28T17:20:48">
      <properties>
[...]
</properties>

      <testcase classname="com.ibatis.jpetstore.domain.BeanTest" name="testAllReadWriteProperties" time="0.005">
          <error message="Illegal local variable table length 5 in method com.ibatis.jpetstore.domain.Account.&lt;init&gt;()V" type="java.lang.ClassFormatError">java.lang.ClassFormatError: Illegal local variable table length 5 in method com.ibatis.jpetstore.domain.Account.&lt;init&gt;()V
	at java.lang.Class.getDeclaredConstructors0(Native Method)
	at java.lang.Class.privateGetDeclaredConstructors(Class.java:2671)
	at java.lang.Class.getConstructor0(Class.java:3075)
	at java.lang.Class.newInstance(Class.java:412)
	at com.ibatis.jpetstore.domain.BeanTest.testAllReadWriteProperties(BeanTest.java:37)
</error>

      </testcase>

      <system-out><![CDATA[]]></system-out>

      <system-err><![CDATA[]]></system-err>

  </testsuite>
  <testsuite errors="0" failures="5" hostname="LP1-AP-51762237" id="1" name="AccountDaoTest" package="com.ibatis.jpetstore.persistence" skipped="0" tests="5" time="0.051" timestamp="2019-04-28T17:20:49">
      <properties>
[...]
</properties>

      <testcase classname="junit.framework.TestSuite$1" name="warning" time="0.005">
          <failure message="Exception in constructor: testShouldFindDefaultUserAccountByUsernameAndPassword (java.lang.ClassFormatError: Illegal local variable table length 5 in method com.ibatis.jpetstore.persistence.DaoConfig.&lt;init&gt;()V&#xd;&#xa;&#x9;at com.ibatis.jpetstore.persistence.PersistenceFixture.&lt;clinit&gt;(PersistenceFixture.java:27)&#xd;&#xa;&#x9;at com.ibatis.jpetstore.persistence.BasePersistenceTest.&lt;init&gt;(BasePersistenceTest.java:7)&#xd;&#xa;&#x9;at com.ibatis.jpetstore.persistence.AccountDaoTest.&lt;init&gt;(AccountDaoTest.java:7)&#xd;&#xa;&#x9;at sun.reflect.NativeConstructorAccessorImpl.newInstance0(Native Method)&#xd;&#xa;&#x9;at sun.reflect.NativeConstructorAccessorImpl.newInstance(NativeConstructorAccessorImpl.java:62)&#xd;&#xa;&#x9;at sun.reflect.DelegatingConstructorAccessorImpl.newInstance(DelegatingConstructorAccessorImpl.java:45)&#xd;&#xa;&#x9;at java.lang.reflect.Constructor.newInstance(Constructor.java:423)&#xd;&#xa;&#x9;at junit.framework.TestSuite.createTest(TestSuite.java:61)&#xd;&#xa;&#x9;at junit.framework.TestSuite.addTestMethod(TestSuite.java:283)&#xd;&#xa;&#x9;at junit.framework.TestSuite.&lt;init&gt;(TestSuite.java:146)&#xd;&#xa;&#x9;at org.apache.tools.ant.taskdefs.optional.junit.JUnitTestRunner.run(JUnitTestRunner.java:504)&#xd;&#xa;&#x9;at org.apache.tools.ant.taskdefs.optional.junit.JUnitTestRunner.launch(JUnitTestRunner.java:1178)&#xd;&#xa;&#x9;at org.apache.tools.ant.taskdefs.optional.junit.JUnitTestRunner.main(JUnitTestRunner.java:1032)&#xd;&#xa;)" type="junit.framework.AssertionFailedError">junit.framework.AssertionFailedError: Exception in constructor: testShouldFindDefaultUserAccountByUsernameAndPassword (java.lang.ClassFormatError: Illegal local variable table length 5 in method com.ibatis.jpetstore.persistence.DaoConfig.&lt;init&gt;()V
	at com.ibatis.jpetstore.persistence.PersistenceFixture.&lt;clinit&gt;(PersistenceFixture.java:27)
	at com.ibatis.jpetstore.persistence.BasePersistenceTest.&lt;init&gt;(BasePersistenceTest.java:7)
	at com.ibatis.jpetstore.persistence.AccountDaoTest.&lt;init&gt;(AccountDaoTest.java:7)
	at java.lang.reflect.Constructor.newInstance(Constructor.java:423)
)
</failure>

      </testcase>

      <testcase classname="junit.framework.TestSuite$1" name="warning" time="0.002">
          <failure message="Exception in constructor: testShouldInsertNewAccount (java.lang.NoClassDefFoundError: Could not initialize class com.ibatis.jpetstore.persistence.PersistenceFixture&#xd;&#xa;&#x9;at com.ibatis.jpetstore.persistence.BasePersistenceTest.&lt;init&gt;(BasePersistenceTest.java:7)&#xd;&#xa;&#x9;at com.ibatis.jpetstore.persistence.AccountDaoTest.&lt;init&gt;(AccountDaoTest.java:7)&#xd;&#xa;&#x9;at sun.reflect.NativeConstructorAccessorImpl.newInstance0(Native Method)&#xd;&#xa;&#x9;at sun.reflect.NativeConstructorAccessorImpl.newInstance(NativeConstructorAccessorImpl.java:62)&#xd;&#xa;&#x9;at sun.reflect.DelegatingConstructorAccessorImpl.newInstance(DelegatingConstructorAccessorImpl.java:45)&#xd;&#xa;&#x9;at java.lang.reflect.Constructor.newInstance(Constructor.java:423)&#xd;&#xa;&#x9;at junit.framework.TestSuite.createTest(TestSuite.java:61)&#xd;&#xa;&#x9;at junit.framework.TestSuite.addTestMethod(TestSuite.java:283)&#xd;&#xa;&#x9;at junit.framework.TestSuite.&lt;init&gt;(TestSuite.java:146)&#xd;&#xa;&#x9;at org.apache.tools.ant.taskdefs.optional.junit.JUnitTestRunner.run(JUnitTestRunner.java:504)&#xd;&#xa;&#x9;at org.apache.tools.ant.taskdefs.optional.junit.JUnitTestRunner.launch(JUnitTestRunner.java:1178)&#xd;&#xa;&#x9;at org.apache.tools.ant.taskdefs.optional.junit.JUnitTestRunner.main(JUnitTestRunner.java:1032)&#xd;&#xa;)" type="junit.framework.AssertionFailedError">junit.framework.AssertionFailedError: Exception in constructor: testShouldInsertNewAccount (java.lang.NoClassDefFoundError: Could not initialize class com.ibatis.jpetstore.persistence.PersistenceFixture
	at com.ibatis.jpetstore.persistence.BasePersistenceTest.&lt;init&gt;(BasePersistenceTest.java:7)
	at com.ibatis.jpetstore.persistence.AccountDaoTest.&lt;init&gt;(AccountDaoTest.java:7)
	at java.lang.reflect.Constructor.newInstance(Constructor.java:423)
)
</failure>

      </testcase>

      <testcase classname="junit.framework.TestSuite$1" name="warning" time="0.0">
          <failure message="Exception in constructor: testShouldUpdateAccountEmailAddress (java.lang.NoClassDefFoundError: Could not initialize class com.ibatis.jpetstore.persistence.PersistenceFixture&#xd;&#xa;&#x9;at com.ibatis.jpetstore.persistence.BasePersistenceTest.&lt;init&gt;(BasePersistenceTest.java:7)&#xd;&#xa;&#x9;at com.ibatis.jpetstore.persistence.AccountDaoTest.&lt;init&gt;(AccountDaoTest.java:7)&#xd;&#xa;&#x9;at sun.reflect.NativeConstructorAccessorImpl.newInstance0(Native Method)&#xd;&#xa;&#x9;at sun.reflect.NativeConstructorAccessorImpl.newInstance(NativeConstructorAccessorImpl.java:62)&#xd;&#xa;&#x9;at sun.reflect.DelegatingConstructorAccessorImpl.newInstance(DelegatingConstructorAccessorImpl.java:45)&#xd;&#xa;&#x9;at java.lang.reflect.Constructor.newInstance(Constructor.java:423)&#xd;&#xa;&#x9;at junit.framework.TestSuite.createTest(TestSuite.java:61)&#xd;&#xa;&#x9;at junit.framework.TestSuite.addTestMethod(TestSuite.java:283)&#xd;&#xa;&#x9;at junit.framework.TestSuite.&lt;init&gt;(TestSuite.java:146)&#xd;&#xa;&#x9;at org.apache.tools.ant.taskdefs.optional.junit.JUnitTestRunner.run(JUnitTestRunner.java:504)&#xd;&#xa;&#x9;at org.apache.tools.ant.taskdefs.optional.junit.JUnitTestRunner.launch(JUnitTestRunner.java:1178)&#xd;&#xa;&#x9;at org.apache.tools.ant.taskdefs.optional.junit.JUnitTestRunner.main(JUnitTestRunner.java:1032)&#xd;&#xa;)" type="junit.framework.AssertionFailedError">junit.framework.AssertionFailedError: Exception in constructor: testShouldUpdateAccountEmailAddress (java.lang.NoClassDefFoundError: Could not initialize class com.ibatis.jpetstore.persistence.PersistenceFixture
	at com.ibatis.jpetstore.persistence.BasePersistenceTest.&lt;init&gt;(BasePersistenceTest.java:7)
	at com.ibatis.jpetstore.persistence.AccountDaoTest.&lt;init&gt;(AccountDaoTest.java:7)
	at java.lang.reflect.Constructor.newInstance(Constructor.java:423)
)
</failure>

      </testcase>

      <testcase classname="junit.framework.TestSuite$1" name="warning" time="0.0">
          <failure message="Exception in constructor: testShouldFindDefaultUserAccountByUsername (java.lang.NoClassDefFoundError: Could not initialize class com.ibatis.jpetstore.persistence.PersistenceFixture&#xd;&#xa;&#x9;at com.ibatis.jpetstore.persistence.BasePersistenceTest.&lt;init&gt;(BasePersistenceTest.java:7)&#xd;&#xa;&#x9;at com.ibatis.jpetstore.persistence.AccountDaoTest.&lt;init&gt;(AccountDaoTest.java:7)&#xd;&#xa;&#x9;at sun.reflect.NativeConstructorAccessorImpl.newInstance0(Native Method)&#xd;&#xa;&#x9;at sun.reflect.NativeConstructorAccessorImpl.newInstance(NativeConstructorAccessorImpl.java:62)&#xd;&#xa;&#x9;at sun.reflect.DelegatingConstructorAccessorImpl.newInstance(DelegatingConstructorAccessorImpl.java:45)&#xd;&#xa;&#x9;at java.lang.reflect.Constructor.newInstance(Constructor.java:423)&#xd;&#xa;&#x9;at junit.framework.TestSuite.createTest(TestSuite.java:61)&#xd;&#xa;&#x9;at junit.framework.TestSuite.addTestMethod(TestSuite.java:283)&#xd;&#xa;&#x9;at junit.framework.TestSuite.&lt;init&gt;(TestSuite.java:146)&#xd;&#xa;&#x9;at org.apache.tools.ant.taskdefs.optional.junit.JUnitTestRunner.run(JUnitTestRunner.java:504)&#xd;&#xa;&#x9;at org.apache.tools.ant.taskdefs.optional.junit.JUnitTestRunner.launch(JUnitTestRunner.java:1178)&#xd;&#xa;&#x9;at org.apache.tools.ant.taskdefs.optional.junit.JUnitTestRunner.main(JUnitTestRunner.java:1032)&#xd;&#xa;)" type="junit.framework.AssertionFailedError">junit.framework.AssertionFailedError: Exception in constructor: testShouldFindDefaultUserAccountByUsername (java.lang.NoClassDefFoundError: Could not initialize class com.ibatis.jpetstore.persistence.PersistenceFixture
	at com.ibatis.jpetstore.persistence.BasePersistenceTest.&lt;init&gt;(BasePersistenceTest.java:7)
	at com.ibatis.jpetstore.persistence.AccountDaoTest.&lt;init&gt;(AccountDaoTest.java:7)
	at java.lang.reflect.Constructor.newInstance(Constructor.java:423)
)
</failure>

      </testcase>

      <testcase classname="junit.framework.TestSuite$1" name="warning" time="0.001">
          <failure message="Exception in constructor: testDummy (java.lang.NoClassDefFoundError: Could not initialize class com.ibatis.jpetstore.persistence.PersistenceFixture&#xd;&#xa;&#x9;at com.ibatis.jpetstore.persistence.BasePersistenceTest.&lt;init&gt;(BasePersistenceTest.java:7)&#xd;&#xa;&#x9;at com.ibatis.jpetstore.persistence.AccountDaoTest.&lt;init&gt;(AccountDaoTest.java:7)&#xd;&#xa;&#x9;at sun.reflect.NativeConstructorAccessorImpl.newInstance0(Native Method)&#xd;&#xa;&#x9;at sun.reflect.NativeConstructorAccessorImpl.newInstance(NativeConstructorAccessorImpl.java:62)&#xd;&#xa;&#x9;at sun.reflect.DelegatingConstructorAccessorImpl.newInstance(DelegatingConstructorAccessorImpl.java:45)&#xd;&#xa;&#x9;at java.lang.reflect.Constructor.newInstance(Constructor.java:423)&#xd;&#xa;&#x9;at junit.framework.TestSuite.createTest(TestSuite.java:61)&#xd;&#xa;&#x9;at junit.framework.TestSuite.addTestMethod(TestSuite.java:283)&#xd;&#xa;&#x9;at junit.framework.TestSuite.&lt;init&gt;(TestSuite.java:146)&#xd;&#xa;&#x9;at org.apache.tools.ant.taskdefs.optional.junit.JUnitTestRunner.run(JUnitTestRunner.java:504)&#xd;&#xa;&#x9;at org.apache.tools.ant.taskdefs.optional.junit.JUnitTestRunner.launch(JUnitTestRunner.java:1178)&#xd;&#xa;&#x9;at org.apache.tools.ant.taskdefs.optional.junit.JUnitTestRunner.main(JUnitTestRunner.java:1032)&#xd;&#xa;)" type="junit.framework.AssertionFailedError">junit.framework.AssertionFailedError: Exception in constructor: testDummy (java.lang.NoClassDefFoundError: Could not initialize class com.ibatis.jpetstore.persistence.PersistenceFixture
	at com.ibatis.jpetstore.persistence.BasePersistenceTest.&lt;init&gt;(BasePersistenceTest.java:7)
	at com.ibatis.jpetstore.persistence.AccountDaoTest.&lt;init&gt;(AccountDaoTest.java:7)
	at java.lang.reflect.Constructor.newInstance(Constructor.java:423)
)
</failure>

      </testcase>

      <system-out><![CDATA[]]></system-out>

      <system-err><![CDATA[]]></system-err>

  </testsuite>
  <testsuite errors="0" failures="1" hostname="LP1-AP-51762237" id="2" name="BasePersistenceTest" package="com.ibatis.jpetstore.persistence" skipped="0" tests="1" time="0.048" timestamp="2019-04-28T17:20:49">
      <properties>
[...]
</properties>

      <testcase classname="junit.framework.TestSuite$1" name="warning" time="0.005">
          <failure message="Exception in constructor: testDummy (java.lang.ClassFormatError: Illegal local variable table length 5 in method com.ibatis.jpetstore.persistence.DaoConfig.&lt;init&gt;()V&#xd;&#xa;&#x9;at com.ibatis.jpetstore.persistence.PersistenceFixture.&lt;clinit&gt;(PersistenceFixture.java:27)&#xd;&#xa;&#x9;at com.ibatis.jpetstore.persistence.BasePersistenceTest.&lt;init&gt;(BasePersistenceTest.java:7)&#xd;&#xa;&#x9;at sun.reflect.NativeConstructorAccessorImpl.newInstance0(Native Method)&#xd;&#xa;&#x9;at sun.reflect.NativeConstructorAccessorImpl.newInstance(NativeConstructorAccessorImpl.java:62)&#xd;&#xa;&#x9;at sun.reflect.DelegatingConstructorAccessorImpl.newInstance(DelegatingConstructorAccessorImpl.java:45)&#xd;&#xa;&#x9;at java.lang.reflect.Constructor.newInstance(Constructor.java:423)&#xd;&#xa;&#x9;at junit.framework.TestSuite.createTest(TestSuite.java:61)&#xd;&#xa;&#x9;at junit.framework.TestSuite.addTestMethod(TestSuite.java:283)&#xd;&#xa;&#x9;at junit.framework.TestSuite.&lt;init&gt;(TestSuite.java:146)&#xd;&#xa;&#x9;at org.apache.tools.ant.taskdefs.optional.junit.JUnitTestRunner.run(JUnitTestRunner.java:504)&#xd;&#xa;&#x9;at org.apache.tools.ant.taskdefs.optional.junit.JUnitTestRunner.launch(JUnitTestRunner.java:1178)&#xd;&#xa;&#x9;at org.apache.tools.ant.taskdefs.optional.junit.JUnitTestRunner.main(JUnitTestRunner.java:1032)&#xd;&#xa;)" type="junit.framework.AssertionFailedError">junit.framework.AssertionFailedError: Exception in constructor: testDummy (java.lang.ClassFormatError: Illegal local variable table length 5 in method com.ibatis.jpetstore.persistence.DaoConfig.&lt;init&gt;()V
	at com.ibatis.jpetstore.persistence.PersistenceFixture.&lt;clinit&gt;(PersistenceFixture.java:27)
	at com.ibatis.jpetstore.persistence.BasePersistenceTest.&lt;init&gt;(BasePersistenceTest.java:7)
	at java.lang.reflect.Constructor.newInstance(Constructor.java:423)
)
</failure>

      </testcase>

      <system-out><![CDATA[]]></system-out>

      <system-err><![CDATA[]]></system-err>

  </testsuite>
  <testsuite errors="0" failures="3" hostname="LP1-AP-51762237" id="3" name="CategoryDaoTest" package="com.ibatis.jpetstore.persistence" skipped="0" tests="3" time="0.05" timestamp="2019-04-28T17:20:49">
      <properties>
[...]
</properties>

      <testcase classname="junit.framework.TestSuite$1" name="warning" time="0.005">
          <failure message="Exception in constructor: testShouldFindCategoryByID (java.lang.ClassFormatError: Illegal local variable table length 5 in method com.ibatis.jpetstore.persistence.DaoConfig.&lt;init&gt;()V&#xd;&#xa;&#x9;at com.ibatis.jpetstore.persistence.PersistenceFixture.&lt;clinit&gt;(PersistenceFixture.java:27)&#xd;&#xa;&#x9;at com.ibatis.jpetstore.persistence.BasePersistenceTest.&lt;init&gt;(BasePersistenceTest.java:7)&#xd;&#xa;&#x9;at com.ibatis.jpetstore.persistence.CategoryDaoTest.&lt;init&gt;(CategoryDaoTest.java:5)&#xd;&#xa;&#x9;at sun.reflect.NativeConstructorAccessorImpl.newInstance0(Native Method)&#xd;&#xa;&#x9;at sun.reflect.NativeConstructorAccessorImpl.newInstance(NativeConstructorAccessorImpl.java:62)&#xd;&#xa;&#x9;at sun.reflect.DelegatingConstructorAccessorImpl.newInstance(DelegatingConstructorAccessorImpl.java:45)&#xd;&#xa;&#x9;at java.lang.reflect.Constructor.newInstance(Constructor.java:423)&#xd;&#xa;&#x9;at junit.framework.TestSuite.createTest(TestSuite.java:61)&#xd;&#xa;&#x9;at junit.framework.TestSuite.addTestMethod(TestSuite.java:283)&#xd;&#xa;&#x9;at junit.framework.TestSuite.&lt;init&gt;(TestSuite.java:146)&#xd;&#xa;&#x9;at org.apache.tools.ant.taskdefs.optional.junit.JUnitTestRunner.run(JUnitTestRunner.java:504)&#xd;&#xa;&#x9;at org.apache.tools.ant.taskdefs.optional.junit.JUnitTestRunner.launch(JUnitTestRunner.java:1178)&#xd;&#xa;&#x9;at org.apache.tools.ant.taskdefs.optional.junit.JUnitTestRunner.main(JUnitTestRunner.java:1032)&#xd;&#xa;)" type="junit.framework.AssertionFailedError">junit.framework.AssertionFailedError: Exception in constructor: testShouldFindCategoryByID (java.lang.ClassFormatError: Illegal local variable table length 5 in method com.ibatis.jpetstore.persistence.DaoConfig.&lt;init&gt;()V
	at com.ibatis.jpetstore.persistence.PersistenceFixture.&lt;clinit&gt;(PersistenceFixture.java:27)
	at com.ibatis.jpetstore.persistence.BasePersistenceTest.&lt;init&gt;(BasePersistenceTest.java:7)
	at com.ibatis.jpetstore.persistence.CategoryDaoTest.&lt;init&gt;(CategoryDaoTest.java:5)
	at java.lang.reflect.Constructor.newInstance(Constructor.java:423)
)
</failure>

      </testcase>

      <testcase classname="junit.framework.TestSuite$1" name="warning" time="0.002">
          <failure message="Exception in constructor: testShouldVerifyCategoryListContainsFiveItems (java.lang.NoClassDefFoundError: Could not initialize class com.ibatis.jpetstore.persistence.PersistenceFixture&#xd;&#xa;&#x9;at com.ibatis.jpetstore.persistence.BasePersistenceTest.&lt;init&gt;(BasePersistenceTest.java:7)&#xd;&#xa;&#x9;at com.ibatis.jpetstore.persistence.CategoryDaoTest.&lt;init&gt;(CategoryDaoTest.java:5)&#xd;&#xa;&#x9;at sun.reflect.NativeConstructorAccessorImpl.newInstance0(Native Method)&#xd;&#xa;&#x9;at sun.reflect.NativeConstructorAccessorImpl.newInstance(NativeConstructorAccessorImpl.java:62)&#xd;&#xa;&#x9;at sun.reflect.DelegatingConstructorAccessorImpl.newInstance(DelegatingConstructorAccessorImpl.java:45)&#xd;&#xa;&#x9;at java.lang.reflect.Constructor.newInstance(Constructor.java:423)&#xd;&#xa;&#x9;at junit.framework.TestSuite.createTest(TestSuite.java:61)&#xd;&#xa;&#x9;at junit.framework.TestSuite.addTestMethod(TestSuite.java:283)&#xd;&#xa;&#x9;at junit.framework.TestSuite.&lt;init&gt;(TestSuite.java:146)&#xd;&#xa;&#x9;at org.apache.tools.ant.taskdefs.optional.junit.JUnitTestRunner.run(JUnitTestRunner.java:504)&#xd;&#xa;&#x9;at org.apache.tools.ant.taskdefs.optional.junit.JUnitTestRunner.launch(JUnitTestRunner.java:1178)&#xd;&#xa;&#x9;at org.apache.tools.ant.taskdefs.optional.junit.JUnitTestRunner.main(JUnitTestRunner.java:1032)&#xd;&#xa;)" type="junit.framework.AssertionFailedError">junit.framework.AssertionFailedError: Exception in constructor: testShouldVerifyCategoryListContainsFiveItems (java.lang.NoClassDefFoundError: Could not initialize class com.ibatis.jpetstore.persistence.PersistenceFixture
	at com.ibatis.jpetstore.persistence.BasePersistenceTest.&lt;init&gt;(BasePersistenceTest.java:7)
	at com.ibatis.jpetstore.persistence.CategoryDaoTest.&lt;init&gt;(CategoryDaoTest.java:5)
	at java.lang.reflect.Constructor.newInstance(Constructor.java:423)
)
</failure>

      </testcase>

      <testcase classname="junit.framework.TestSuite$1" name="warning" time="0.001">
          <failure message="Exception in constructor: testDummy (java.lang.NoClassDefFoundError: Could not initialize class com.ibatis.jpetstore.persistence.PersistenceFixture&#xd;&#xa;&#x9;at com.ibatis.jpetstore.persistence.BasePersistenceTest.&lt;init&gt;(BasePersistenceTest.java:7)&#xd;&#xa;&#x9;at com.ibatis.jpetstore.persistence.CategoryDaoTest.&lt;init&gt;(CategoryDaoTest.java:5)&#xd;&#xa;&#x9;at sun.reflect.NativeConstructorAccessorImpl.newInstance0(Native Method)&#xd;&#xa;&#x9;at sun.reflect.NativeConstructorAccessorImpl.newInstance(NativeConstructorAccessorImpl.java:62)&#xd;&#xa;&#x9;at sun.reflect.DelegatingConstructorAccessorImpl.newInstance(DelegatingConstructorAccessorImpl.java:45)&#xd;&#xa;&#x9;at java.lang.reflect.Constructor.newInstance(Constructor.java:423)&#xd;&#xa;&#x9;at junit.framework.TestSuite.createTest(TestSuite.java:61)&#xd;&#xa;&#x9;at junit.framework.TestSuite.addTestMethod(TestSuite.java:283)&#xd;&#xa;&#x9;at junit.framework.TestSuite.&lt;init&gt;(TestSuite.java:146)&#xd;&#xa;&#x9;at org.apache.tools.ant.taskdefs.optional.junit.JUnitTestRunner.run(JUnitTestRunner.java:504)&#xd;&#xa;&#x9;at org.apache.tools.ant.taskdefs.optional.junit.JUnitTestRunner.launch(JUnitTestRunner.java:1178)&#xd;&#xa;&#x9;at org.apache.tools.ant.taskdefs.optional.junit.JUnitTestRunner.main(JUnitTestRunner.java:1032)&#xd;&#xa;)" type="junit.framework.AssertionFailedError">junit.framework.AssertionFailedError: Exception in constructor: testDummy (java.lang.NoClassDefFoundError: Could not initialize class com.ibatis.jpetstore.persistence.PersistenceFixture
	at com.ibatis.jpetstore.persistence.BasePersistenceTest.&lt;init&gt;(BasePersistenceTest.java:7)
	at com.ibatis.jpetstore.persistence.CategoryDaoTest.&lt;init&gt;(CategoryDaoTest.java:5)
	at java.lang.reflect.Constructor.newInstance(Constructor.java:423)
)
</failure>

      </testcase>

      <system-out><![CDATA[]]></system-out>

      <system-err><![CDATA[]]></system-err>

  </testsuite>
  <testsuite errors="0" failures="6" hostname="LP1-AP-51762237" id="4" name="ItemDaoTest" package="com.ibatis.jpetstore.persistence" skipped="0" tests="6" time="0.053" timestamp="2019-04-28T17:20:49">
      <properties>
[...]
</properties>

      <testcase classname="junit.framework.TestSuite$1" name="warning" time="0.005">
          <failure message="Exception in constructor: testShouldUpdateInventoryForItem (java.lang.ClassFormatError: Illegal local variable table length 5 in method com.ibatis.jpetstore.persistence.DaoConfig.&lt;init&gt;()V&#xd;&#xa;&#x9;at com.ibatis.jpetstore.persistence.PersistenceFixture.&lt;clinit&gt;(PersistenceFixture.java:27)&#xd;&#xa;&#x9;at com.ibatis.jpetstore.persistence.BasePersistenceTest.&lt;init&gt;(BasePersistenceTest.java:7)&#xd;&#xa;&#x9;at com.ibatis.jpetstore.persistence.ItemDaoTest.&lt;init&gt;(ItemDaoTest.java:9)&#xd;&#xa;&#x9;at sun.reflect.NativeConstructorAccessorImpl.newInstance0(Native Method)&#xd;&#xa;&#x9;at sun.reflect.NativeConstructorAccessorImpl.newInstance(NativeConstructorAccessorImpl.java:62)&#xd;&#xa;&#x9;at sun.reflect.DelegatingConstructorAccessorImpl.newInstance(DelegatingConstructorAccessorImpl.java:45)&#xd;&#xa;&#x9;at java.lang.reflect.Constructor.newInstance(Constructor.java:423)&#xd;&#xa;&#x9;at junit.framework.TestSuite.createTest(TestSuite.java:61)&#xd;&#xa;&#x9;at junit.framework.TestSuite.addTestMethod(TestSuite.java:283)&#xd;&#xa;&#x9;at junit.framework.TestSuite.&lt;init&gt;(TestSuite.java:146)&#xd;&#xa;&#x9;at org.apache.tools.ant.taskdefs.optional.junit.JUnitTestRunner.run(JUnitTestRunner.java:504)&#xd;&#xa;&#x9;at org.apache.tools.ant.taskdefs.optional.junit.JUnitTestRunner.launch(JUnitTestRunner.java:1178)&#xd;&#xa;&#x9;at org.apache.tools.ant.taskdefs.optional.junit.JUnitTestRunner.main(JUnitTestRunner.java:1032)&#xd;&#xa;)" type="junit.framework.AssertionFailedError">junit.framework.AssertionFailedError: Exception in constructor: testShouldUpdateInventoryForItem (java.lang.ClassFormatError: Illegal local variable table length 5 in method com.ibatis.jpetstore.persistence.DaoConfig.&lt;init&gt;()V
	at com.ibatis.jpetstore.persistence.PersistenceFixture.&lt;clinit&gt;(PersistenceFixture.java:27)
	at com.ibatis.jpetstore.persistence.BasePersistenceTest.&lt;init&gt;(BasePersistenceTest.java:7)
	at com.ibatis.jpetstore.persistence.ItemDaoTest.&lt;init&gt;(ItemDaoTest.java:9)
	at java.lang.reflect.Constructor.newInstance(Constructor.java:423)
)
</failure>

      </testcase>

      <testcase classname="junit.framework.TestSuite$1" name="warning" time="0.002">
          <failure message="Exception in constructor: testShouldVerifyItemIsInStock (java.lang.NoClassDefFoundError: Could not initialize class com.ibatis.jpetstore.persistence.PersistenceFixture&#xd;&#xa;&#x9;at com.ibatis.jpetstore.persistence.BasePersistenceTest.&lt;init&gt;(BasePersistenceTest.java:7)&#xd;&#xa;&#x9;at com.ibatis.jpetstore.persistence.ItemDaoTest.&lt;init&gt;(ItemDaoTest.java:9)&#xd;&#xa;&#x9;at sun.reflect.NativeConstructorAccessorImpl.newInstance0(Native Method)&#xd;&#xa;&#x9;at sun.reflect.NativeConstructorAccessorImpl.newInstance(NativeConstructorAccessorImpl.java:62)&#xd;&#xa;&#x9;at sun.reflect.DelegatingConstructorAccessorImpl.newInstance(DelegatingConstructorAccessorImpl.java:45)&#xd;&#xa;&#x9;at java.lang.reflect.Constructor.newInstance(Constructor.java:423)&#xd;&#xa;&#x9;at junit.framework.TestSuite.createTest(TestSuite.java:61)&#xd;&#xa;&#x9;at junit.framework.TestSuite.addTestMethod(TestSuite.java:283)&#xd;&#xa;&#x9;at junit.framework.TestSuite.&lt;init&gt;(TestSuite.java:146)&#xd;&#xa;&#x9;at org.apache.tools.ant.taskdefs.optional.junit.JUnitTestRunner.run(JUnitTestRunner.java:504)&#xd;&#xa;&#x9;at org.apache.tools.ant.taskdefs.optional.junit.JUnitTestRunner.launch(JUnitTestRunner.java:1178)&#xd;&#xa;&#x9;at org.apache.tools.ant.taskdefs.optional.junit.JUnitTestRunner.main(JUnitTestRunner.java:1032)&#xd;&#xa;)" type="junit.framework.AssertionFailedError">junit.framework.AssertionFailedError: Exception in constructor: testShouldVerifyItemIsInStock (java.lang.NoClassDefFoundError: Could not initialize class com.ibatis.jpetstore.persistence.PersistenceFixture
	at com.ibatis.jpetstore.persistence.BasePersistenceTest.&lt;init&gt;(BasePersistenceTest.java:7)
	at com.ibatis.jpetstore.persistence.ItemDaoTest.&lt;init&gt;(ItemDaoTest.java:9)
	at java.lang.reflect.Constructor.newInstance(Constructor.java:423)
)
</failure>

      </testcase>

      <testcase classname="junit.framework.TestSuite$1" name="warning" time="0.001">
          <failure message="Exception in constructor: testShouldFindItemByID (java.lang.NoClassDefFoundError: Could not initialize class com.ibatis.jpetstore.persistence.PersistenceFixture&#xd;&#xa;&#x9;at com.ibatis.jpetstore.persistence.BasePersistenceTest.&lt;init&gt;(BasePersistenceTest.java:7)&#xd;&#xa;&#x9;at com.ibatis.jpetstore.persistence.ItemDaoTest.&lt;init&gt;(ItemDaoTest.java:9)&#xd;&#xa;&#x9;at sun.reflect.NativeConstructorAccessorImpl.newInstance0(Native Method)&#xd;&#xa;&#x9;at sun.reflect.NativeConstructorAccessorImpl.newInstance(NativeConstructorAccessorImpl.java:62)&#xd;&#xa;&#x9;at sun.reflect.DelegatingConstructorAccessorImpl.newInstance(DelegatingConstructorAccessorImpl.java:45)&#xd;&#xa;&#x9;at java.lang.reflect.Constructor.newInstance(Constructor.java:423)&#xd;&#xa;&#x9;at junit.framework.TestSuite.createTest(TestSuite.java:61)&#xd;&#xa;&#x9;at junit.framework.TestSuite.addTestMethod(TestSuite.java:283)&#xd;&#xa;&#x9;at junit.framework.TestSuite.&lt;init&gt;(TestSuite.java:146)&#xd;&#xa;&#x9;at org.apache.tools.ant.taskdefs.optional.junit.JUnitTestRunner.run(JUnitTestRunner.java:504)&#xd;&#xa;&#x9;at org.apache.tools.ant.taskdefs.optional.junit.JUnitTestRunner.launch(JUnitTestRunner.java:1178)&#xd;&#xa;&#x9;at org.apache.tools.ant.taskdefs.optional.junit.JUnitTestRunner.main(JUnitTestRunner.java:1032)&#xd;&#xa;)" type="junit.framework.AssertionFailedError">junit.framework.AssertionFailedError: Exception in constructor: testShouldFindItemByID (java.lang.NoClassDefFoundError: Could not initialize class com.ibatis.jpetstore.persistence.PersistenceFixture
	at com.ibatis.jpetstore.persistence.BasePersistenceTest.&lt;init&gt;(BasePersistenceTest.java:7)
	at com.ibatis.jpetstore.persistence.ItemDaoTest.&lt;init&gt;(ItemDaoTest.java:9)
	at java.lang.reflect.Constructor.newInstance(Constructor.java:423)
)
</failure>

      </testcase>

      <testcase classname="junit.framework.TestSuite$1" name="warning" time="0.001">
          <failure message="Exception in constructor: testShouldVerifyItemIsOutOfStock (java.lang.NoClassDefFoundError: Could not initialize class com.ibatis.jpetstore.persistence.PersistenceFixture&#xd;&#xa;&#x9;at com.ibatis.jpetstore.persistence.BasePersistenceTest.&lt;init&gt;(BasePersistenceTest.java:7)&#xd;&#xa;&#x9;at com.ibatis.jpetstore.persistence.ItemDaoTest.&lt;init&gt;(ItemDaoTest.java:9)&#xd;&#xa;&#x9;at sun.reflect.NativeConstructorAccessorImpl.newInstance0(Native Method)&#xd;&#xa;&#x9;at sun.reflect.NativeConstructorAccessorImpl.newInstance(NativeConstructorAccessorImpl.java:62)&#xd;&#xa;&#x9;at sun.reflect.DelegatingConstructorAccessorImpl.newInstance(DelegatingConstructorAccessorImpl.java:45)&#xd;&#xa;&#x9;at java.lang.reflect.Constructor.newInstance(Constructor.java:423)&#xd;&#xa;&#x9;at junit.framework.TestSuite.createTest(TestSuite.java:61)&#xd;&#xa;&#x9;at junit.framework.TestSuite.addTestMethod(TestSuite.java:283)&#xd;&#xa;&#x9;at junit.framework.TestSuite.&lt;init&gt;(TestSuite.java:146)&#xd;&#xa;&#x9;at org.apache.tools.ant.taskdefs.optional.junit.JUnitTestRunner.run(JUnitTestRunner.java:504)&#xd;&#xa;&#x9;at org.apache.tools.ant.taskdefs.optional.junit.JUnitTestRunner.launch(JUnitTestRunner.java:1178)&#xd;&#xa;&#x9;at org.apache.tools.ant.taskdefs.optional.junit.JUnitTestRunner.main(JUnitTestRunner.java:1032)&#xd;&#xa;)" type="junit.framework.AssertionFailedError">junit.framework.AssertionFailedError: Exception in constructor: testShouldVerifyItemIsOutOfStock (java.lang.NoClassDefFoundError: Could not initialize class com.ibatis.jpetstore.persistence.PersistenceFixture
	at com.ibatis.jpetstore.persistence.BasePersistenceTest.&lt;init&gt;(BasePersistenceTest.java:7)
	at com.ibatis.jpetstore.persistence.ItemDaoTest.&lt;init&gt;(ItemDaoTest.java:9)
	at java.lang.reflect.Constructor.newInstance(Constructor.java:423)
)
</failure>

      </testcase>

      <testcase classname="junit.framework.TestSuite$1" name="warning" time="0.0">
          <failure message="Exception in constructor: testShouldListTwoItemsForGivenProduct (java.lang.NoClassDefFoundError: Could not initialize class com.ibatis.jpetstore.persistence.PersistenceFixture&#xd;&#xa;&#x9;at com.ibatis.jpetstore.persistence.BasePersistenceTest.&lt;init&gt;(BasePersistenceTest.java:7)&#xd;&#xa;&#x9;at com.ibatis.jpetstore.persistence.ItemDaoTest.&lt;init&gt;(ItemDaoTest.java:9)&#xd;&#xa;&#x9;at sun.reflect.NativeConstructorAccessorImpl.newInstance0(Native Method)&#xd;&#xa;&#x9;at sun.reflect.NativeConstructorAccessorImpl.newInstance(NativeConstructorAccessorImpl.java:62)&#xd;&#xa;&#x9;at sun.reflect.DelegatingConstructorAccessorImpl.newInstance(DelegatingConstructorAccessorImpl.java:45)&#xd;&#xa;&#x9;at java.lang.reflect.Constructor.newInstance(Constructor.java:423)&#xd;&#xa;&#x9;at junit.framework.TestSuite.createTest(TestSuite.java:61)&#xd;&#xa;&#x9;at junit.framework.TestSuite.addTestMethod(TestSuite.java:283)&#xd;&#xa;&#x9;at junit.framework.TestSuite.&lt;init&gt;(TestSuite.java:146)&#xd;&#xa;&#x9;at org.apache.tools.ant.taskdefs.optional.junit.JUnitTestRunner.run(JUnitTestRunner.java:504)&#xd;&#xa;&#x9;at org.apache.tools.ant.taskdefs.optional.junit.JUnitTestRunner.launch(JUnitTestRunner.java:1178)&#xd;&#xa;&#x9;at org.apache.tools.ant.taskdefs.optional.junit.JUnitTestRunner.main(JUnitTestRunner.java:1032)&#xd;&#xa;)" type="junit.framework.AssertionFailedError">junit.framework.AssertionFailedError: Exception in constructor: testShouldListTwoItemsForGivenProduct (java.lang.NoClassDefFoundError: Could not initialize class com.ibatis.jpetstore.persistence.PersistenceFixture
	at com.ibatis.jpetstore.persistence.BasePersistenceTest.&lt;init&gt;(BasePersistenceTest.java:7)
	at com.ibatis.jpetstore.persistence.ItemDaoTest.&lt;init&gt;(ItemDaoTest.java:9)
	at java.lang.reflect.Constructor.newInstance(Constructor.java:423)
)
</failure>

      </testcase>

      <testcase classname="junit.framework.TestSuite$1" name="warning" time="0.0">
          <failure message="Exception in constructor: testDummy (java.lang.NoClassDefFoundError: Could not initialize class com.ibatis.jpetstore.persistence.PersistenceFixture&#xd;&#xa;&#x9;at com.ibatis.jpetstore.persistence.BasePersistenceTest.&lt;init&gt;(BasePersistenceTest.java:7)&#xd;&#xa;&#x9;at com.ibatis.jpetstore.persistence.ItemDaoTest.&lt;init&gt;(ItemDaoTest.java:9)&#xd;&#xa;&#x9;at sun.reflect.NativeConstructorAccessorImpl.newInstance0(Native Method)&#xd;&#xa;&#x9;at sun.reflect.NativeConstructorAccessorImpl.newInstance(NativeConstructorAccessorImpl.java:62)&#xd;&#xa;&#x9;at sun.reflect.DelegatingConstructorAccessorImpl.newInstance(DelegatingConstructorAccessorImpl.java:45)&#xd;&#xa;&#x9;at java.lang.reflect.Constructor.newInstance(Constructor.java:423)&#xd;&#xa;&#x9;at junit.framework.TestSuite.createTest(TestSuite.java:61)&#xd;&#xa;&#x9;at junit.framework.TestSuite.addTestMethod(TestSuite.java:283)&#xd;&#xa;&#x9;at junit.framework.TestSuite.&lt;init&gt;(TestSuite.java:146)&#xd;&#xa;&#x9;at org.apache.tools.ant.taskdefs.optional.junit.JUnitTestRunner.run(JUnitTestRunner.java:504)&#xd;&#xa;&#x9;at org.apache.tools.ant.taskdefs.optional.junit.JUnitTestRunner.launch(JUnitTestRunner.java:1178)&#xd;&#xa;&#x9;at org.apache.tools.ant.taskdefs.optional.junit.JUnitTestRunner.main(JUnitTestRunner.java:1032)&#xd;&#xa;)" type="junit.framework.AssertionFailedError">junit.framework.AssertionFailedError: Exception in constructor: testDummy (java.lang.NoClassDefFoundError: Could not initialize class com.ibatis.jpetstore.persistence.PersistenceFixture
	at com.ibatis.jpetstore.persistence.BasePersistenceTest.&lt;init&gt;(BasePersistenceTest.java:7)
	at com.ibatis.jpetstore.persistence.ItemDaoTest.&lt;init&gt;(ItemDaoTest.java:9)
	at java.lang.reflect.Constructor.newInstance(Constructor.java:423)
)
</failure>

      </testcase>

      <system-out><![CDATA[]]></system-out>

      <system-err><![CDATA[]]></system-err>

  </testsuite>
  <testsuite errors="0" failures="3" hostname="LP1-AP-51762237" id="5" name="OrderDaoTest" package="com.ibatis.jpetstore.persistence" skipped="0" tests="3" time="0.052" timestamp="2019-04-28T17:20:50">
      <properties>
[...]
</properties>

      <testcase classname="junit.framework.TestSuite$1" name="warning" time="0.006">
          <failure message="Exception in constructor: testShouldInsertNewOrderWithLineItems (java.lang.ClassFormatError: Illegal local variable table length 5 in method com.ibatis.jpetstore.persistence.DaoConfig.&lt;init&gt;()V&#xd;&#xa;&#x9;at com.ibatis.jpetstore.persistence.PersistenceFixture.&lt;clinit&gt;(PersistenceFixture.java:27)&#xd;&#xa;&#x9;at com.ibatis.jpetstore.persistence.BasePersistenceTest.&lt;init&gt;(BasePersistenceTest.java:7)&#xd;&#xa;&#x9;at com.ibatis.jpetstore.persistence.OrderDaoTest.&lt;init&gt;(OrderDaoTest.java:9)&#xd;&#xa;&#x9;at sun.reflect.NativeConstructorAccessorImpl.newInstance0(Native Method)&#xd;&#xa;&#x9;at sun.reflect.NativeConstructorAccessorImpl.newInstance(NativeConstructorAccessorImpl.java:62)&#xd;&#xa;&#x9;at sun.reflect.DelegatingConstructorAccessorImpl.newInstance(DelegatingConstructorAccessorImpl.java:45)&#xd;&#xa;&#x9;at java.lang.reflect.Constructor.newInstance(Constructor.java:423)&#xd;&#xa;&#x9;at junit.framework.TestSuite.createTest(TestSuite.java:61)&#xd;&#xa;&#x9;at junit.framework.TestSuite.addTestMethod(TestSuite.java:283)&#xd;&#xa;&#x9;at junit.framework.TestSuite.&lt;init&gt;(TestSuite.java:146)&#xd;&#xa;&#x9;at org.apache.tools.ant.taskdefs.optional.junit.JUnitTestRunner.run(JUnitTestRunner.java:504)&#xd;&#xa;&#x9;at org.apache.tools.ant.taskdefs.optional.junit.JUnitTestRunner.launch(JUnitTestRunner.java:1178)&#xd;&#xa;&#x9;at org.apache.tools.ant.taskdefs.optional.junit.JUnitTestRunner.main(JUnitTestRunner.java:1032)&#xd;&#xa;)" type="junit.framework.AssertionFailedError">junit.framework.AssertionFailedError: Exception in constructor: testShouldInsertNewOrderWithLineItems (java.lang.ClassFormatError: Illegal local variable table length 5 in method com.ibatis.jpetstore.persistence.DaoConfig.&lt;init&gt;()V
	at com.ibatis.jpetstore.persistence.PersistenceFixture.&lt;clinit&gt;(PersistenceFixture.java:27)
	at com.ibatis.jpetstore.persistence.BasePersistenceTest.&lt;init&gt;(BasePersistenceTest.java:7)
	at com.ibatis.jpetstore.persistence.OrderDaoTest.&lt;init&gt;(OrderDaoTest.java:9)
	at java.lang.reflect.Constructor.newInstance(Constructor.java:423)
)
</failure>

      </testcase>

      <testcase classname="junit.framework.TestSuite$1" name="warning" time="0.002">
          <failure message="Exception in constructor: testShouldListASingleOrderForAUser (java.lang.NoClassDefFoundError: Could not initialize class com.ibatis.jpetstore.persistence.PersistenceFixture&#xd;&#xa;&#x9;at com.ibatis.jpetstore.persistence.BasePersistenceTest.&lt;init&gt;(BasePersistenceTest.java:7)&#xd;&#xa;&#x9;at com.ibatis.jpetstore.persistence.OrderDaoTest.&lt;init&gt;(OrderDaoTest.java:9)&#xd;&#xa;&#x9;at sun.reflect.NativeConstructorAccessorImpl.newInstance0(Native Method)&#xd;&#xa;&#x9;at sun.reflect.NativeConstructorAccessorImpl.newInstance(NativeConstructorAccessorImpl.java:62)&#xd;&#xa;&#x9;at sun.reflect.DelegatingConstructorAccessorImpl.newInstance(DelegatingConstructorAccessorImpl.java:45)&#xd;&#xa;&#x9;at java.lang.reflect.Constructor.newInstance(Constructor.java:423)&#xd;&#xa;&#x9;at junit.framework.TestSuite.createTest(TestSuite.java:61)&#xd;&#xa;&#x9;at junit.framework.TestSuite.addTestMethod(TestSuite.java:283)&#xd;&#xa;&#x9;at junit.framework.TestSuite.&lt;init&gt;(TestSuite.java:146)&#xd;&#xa;&#x9;at org.apache.tools.ant.taskdefs.optional.junit.JUnitTestRunner.run(JUnitTestRunner.java:504)&#xd;&#xa;&#x9;at org.apache.tools.ant.taskdefs.optional.junit.JUnitTestRunner.launch(JUnitTestRunner.java:1178)&#xd;&#xa;&#x9;at org.apache.tools.ant.taskdefs.optional.junit.JUnitTestRunner.main(JUnitTestRunner.java:1032)&#xd;&#xa;)" type="junit.framework.AssertionFailedError">junit.framework.AssertionFailedError: Exception in constructor: testShouldListASingleOrderForAUser (java.lang.NoClassDefFoundError: Could not initialize class com.ibatis.jpetstore.persistence.PersistenceFixture
	at com.ibatis.jpetstore.persistence.BasePersistenceTest.&lt;init&gt;(BasePersistenceTest.java:7)
	at com.ibatis.jpetstore.persistence.OrderDaoTest.&lt;init&gt;(OrderDaoTest.java:9)
	at java.lang.reflect.Constructor.newInstance(Constructor.java:423)
)
</failure>

      </testcase>

      <testcase classname="junit.framework.TestSuite$1" name="warning" time="0.001">
          <failure message="Exception in constructor: testDummy (java.lang.NoClassDefFoundError: Could not initialize class com.ibatis.jpetstore.persistence.PersistenceFixture&#xd;&#xa;&#x9;at com.ibatis.jpetstore.persistence.BasePersistenceTest.&lt;init&gt;(BasePersistenceTest.java:7)&#xd;&#xa;&#x9;at com.ibatis.jpetstore.persistence.OrderDaoTest.&lt;init&gt;(OrderDaoTest.java:9)&#xd;&#xa;&#x9;at sun.reflect.NativeConstructorAccessorImpl.newInstance0(Native Method)&#xd;&#xa;&#x9;at sun.reflect.NativeConstructorAccessorImpl.newInstance(NativeConstructorAccessorImpl.java:62)&#xd;&#xa;&#x9;at sun.reflect.DelegatingConstructorAccessorImpl.newInstance(DelegatingConstructorAccessorImpl.java:45)&#xd;&#xa;&#x9;at java.lang.reflect.Constructor.newInstance(Constructor.java:423)&#xd;&#xa;&#x9;at junit.framework.TestSuite.createTest(TestSuite.java:61)&#xd;&#xa;&#x9;at junit.framework.TestSuite.addTestMethod(TestSuite.java:283)&#xd;&#xa;&#x9;at junit.framework.TestSuite.&lt;init&gt;(TestSuite.java:146)&#xd;&#xa;&#x9;at org.apache.tools.ant.taskdefs.optional.junit.JUnitTestRunner.run(JUnitTestRunner.java:504)&#xd;&#xa;&#x9;at org.apache.tools.ant.taskdefs.optional.junit.JUnitTestRunner.launch(JUnitTestRunner.java:1178)&#xd;&#xa;&#x9;at org.apache.tools.ant.taskdefs.optional.junit.JUnitTestRunner.main(JUnitTestRunner.java:1032)&#xd;&#xa;)" type="junit.framework.AssertionFailedError">junit.framework.AssertionFailedError: Exception in constructor: testDummy (java.lang.NoClassDefFoundError: Could not initialize class com.ibatis.jpetstore.persistence.PersistenceFixture
	at com.ibatis.jpetstore.persistence.BasePersistenceTest.&lt;init&gt;(BasePersistenceTest.java:7)
	at com.ibatis.jpetstore.persistence.OrderDaoTest.&lt;init&gt;(OrderDaoTest.java:9)
	at java.lang.reflect.Constructor.newInstance(Constructor.java:423)
)
</failure>

      </testcase>

      <system-out><![CDATA[]]></system-out>

      <system-err><![CDATA[]]></system-err>

  </testsuite>
  <testsuite errors="0" failures="4" hostname="LP1-AP-51762237" id="6" name="ProductDaoTest" package="com.ibatis.jpetstore.persistence" skipped="0" tests="4" time="0.053" timestamp="2019-04-28T17:20:50">
      <properties>
[...]
</properties>

      <testcase classname="junit.framework.TestSuite$1" name="warning" time="0.006">
          <failure message="Exception in constructor: testShouldFindSpecificProductByID (java.lang.ClassFormatError: Illegal local variable table length 5 in method com.ibatis.jpetstore.persistence.DaoConfig.&lt;init&gt;()V&#xd;&#xa;&#x9;at com.ibatis.jpetstore.persistence.PersistenceFixture.&lt;clinit&gt;(PersistenceFixture.java:27)&#xd;&#xa;&#x9;at com.ibatis.jpetstore.persistence.BasePersistenceTest.&lt;init&gt;(BasePersistenceTest.java:7)&#xd;&#xa;&#x9;at com.ibatis.jpetstore.persistence.ProductDaoTest.&lt;init&gt;(ProductDaoTest.java:5)&#xd;&#xa;&#x9;at sun.reflect.NativeConstructorAccessorImpl.newInstance0(Native Method)&#xd;&#xa;&#x9;at sun.reflect.NativeConstructorAccessorImpl.newInstance(NativeConstructorAccessorImpl.java:62)&#xd;&#xa;&#x9;at sun.reflect.DelegatingConstructorAccessorImpl.newInstance(DelegatingConstructorAccessorImpl.java:45)&#xd;&#xa;&#x9;at java.lang.reflect.Constructor.newInstance(Constructor.java:423)&#xd;&#xa;&#x9;at junit.framework.TestSuite.createTest(TestSuite.java:61)&#xd;&#xa;&#x9;at junit.framework.TestSuite.addTestMethod(TestSuite.java:283)&#xd;&#xa;&#x9;at junit.framework.TestSuite.&lt;init&gt;(TestSuite.java:146)&#xd;&#xa;&#x9;at org.apache.tools.ant.taskdefs.optional.junit.JUnitTestRunner.run(JUnitTestRunner.java:504)&#xd;&#xa;&#x9;at org.apache.tools.ant.taskdefs.optional.junit.JUnitTestRunner.launch(JUnitTestRunner.java:1178)&#xd;&#xa;&#x9;at org.apache.tools.ant.taskdefs.optional.junit.JUnitTestRunner.main(JUnitTestRunner.java:1032)&#xd;&#xa;)" type="junit.framework.AssertionFailedError">junit.framework.AssertionFailedError: Exception in constructor: testShouldFindSpecificProductByID (java.lang.ClassFormatError: Illegal local variable table length 5 in method com.ibatis.jpetstore.persistence.DaoConfig.&lt;init&gt;()V
	at com.ibatis.jpetstore.persistence.PersistenceFixture.&lt;clinit&gt;(PersistenceFixture.java:27)
	at com.ibatis.jpetstore.persistence.BasePersistenceTest.&lt;init&gt;(BasePersistenceTest.java:7)
	at com.ibatis.jpetstore.persistence.ProductDaoTest.&lt;init&gt;(ProductDaoTest.java:5)
	at java.lang.reflect.Constructor.newInstance(Constructor.java:423)
)
</failure>

      </testcase>

      <testcase classname="junit.framework.TestSuite$1" name="warning" time="0.002">
          <failure message="Exception in constructor: testShouldFindAllProductsContainingKeyword (java.lang.NoClassDefFoundError: Could not initialize class com.ibatis.jpetstore.persistence.PersistenceFixture&#xd;&#xa;&#x9;at com.ibatis.jpetstore.persistence.BasePersistenceTest.&lt;init&gt;(BasePersistenceTest.java:7)&#xd;&#xa;&#x9;at com.ibatis.jpetstore.persistence.ProductDaoTest.&lt;init&gt;(ProductDaoTest.java:5)&#xd;&#xa;&#x9;at sun.reflect.NativeConstructorAccessorImpl.newInstance0(Native Method)&#xd;&#xa;&#x9;at sun.reflect.NativeConstructorAccessorImpl.newInstance(NativeConstructorAccessorImpl.java:62)&#xd;&#xa;&#x9;at sun.reflect.DelegatingConstructorAccessorImpl.newInstance(DelegatingConstructorAccessorImpl.java:45)&#xd;&#xa;&#x9;at java.lang.reflect.Constructor.newInstance(Constructor.java:423)&#xd;&#xa;&#x9;at junit.framework.TestSuite.createTest(TestSuite.java:61)&#xd;&#xa;&#x9;at junit.framework.TestSuite.addTestMethod(TestSuite.java:283)&#xd;&#xa;&#x9;at junit.framework.TestSuite.&lt;init&gt;(TestSuite.java:146)&#xd;&#xa;&#x9;at org.apache.tools.ant.taskdefs.optional.junit.JUnitTestRunner.run(JUnitTestRunner.java:504)&#xd;&#xa;&#x9;at org.apache.tools.ant.taskdefs.optional.junit.JUnitTestRunner.launch(JUnitTestRunner.java:1178)&#xd;&#xa;&#x9;at org.apache.tools.ant.taskdefs.optional.junit.JUnitTestRunner.main(JUnitTestRunner.java:1032)&#xd;&#xa;)" type="junit.framework.AssertionFailedError">junit.framework.AssertionFailedError: Exception in constructor: testShouldFindAllProductsContainingKeyword (java.lang.NoClassDefFoundError: Could not initialize class com.ibatis.jpetstore.persistence.PersistenceFixture
	at com.ibatis.jpetstore.persistence.BasePersistenceTest.&lt;init&gt;(BasePersistenceTest.java:7)
	at com.ibatis.jpetstore.persistence.ProductDaoTest.&lt;init&gt;(ProductDaoTest.java:5)
	at java.lang.reflect.Constructor.newInstance(Constructor.java:423)
)
</failure>

      </testcase>

      <testcase classname="junit.framework.TestSuite$1" name="warning" time="0.0">
          <failure message="Exception in constructor: testShouldListProductsForACategory (java.lang.NoClassDefFoundError: Could not initialize class com.ibatis.jpetstore.persistence.PersistenceFixture&#xd;&#xa;&#x9;at com.ibatis.jpetstore.persistence.BasePersistenceTest.&lt;init&gt;(BasePersistenceTest.java:7)&#xd;&#xa;&#x9;at com.ibatis.jpetstore.persistence.ProductDaoTest.&lt;init&gt;(ProductDaoTest.java:5)&#xd;&#xa;&#x9;at sun.reflect.NativeConstructorAccessorImpl.newInstance0(Native Method)&#xd;&#xa;&#x9;at sun.reflect.NativeConstructorAccessorImpl.newInstance(NativeConstructorAccessorImpl.java:62)&#xd;&#xa;&#x9;at sun.reflect.DelegatingConstructorAccessorImpl.newInstance(DelegatingConstructorAccessorImpl.java:45)&#xd;&#xa;&#x9;at java.lang.reflect.Constructor.newInstance(Constructor.java:423)&#xd;&#xa;&#x9;at junit.framework.TestSuite.createTest(TestSuite.java:61)&#xd;&#xa;&#x9;at junit.framework.TestSuite.addTestMethod(TestSuite.java:283)&#xd;&#xa;&#x9;at junit.framework.TestSuite.&lt;init&gt;(TestSuite.java:146)&#xd;&#xa;&#x9;at org.apache.tools.ant.taskdefs.optional.junit.JUnitTestRunner.run(JUnitTestRunner.java:504)&#xd;&#xa;&#x9;at org.apache.tools.ant.taskdefs.optional.junit.JUnitTestRunner.launch(JUnitTestRunner.java:1178)&#xd;&#xa;&#x9;at org.apache.tools.ant.taskdefs.optional.junit.JUnitTestRunner.main(JUnitTestRunner.java:1032)&#xd;&#xa;)" type="junit.framework.AssertionFailedError">junit.framework.AssertionFailedError: Exception in constructor: testShouldListProductsForACategory (java.lang.NoClassDefFoundError: Could not initialize class com.ibatis.jpetstore.persistence.PersistenceFixture
	at com.ibatis.jpetstore.persistence.BasePersistenceTest.&lt;init&gt;(BasePersistenceTest.java:7)
	at com.ibatis.jpetstore.persistence.ProductDaoTest.&lt;init&gt;(ProductDaoTest.java:5)
	at java.lang.reflect.Constructor.newInstance(Constructor.java:423)
)
</failure>

      </testcase>

      <testcase classname="junit.framework.TestSuite$1" name="warning" time="0.0">
          <failure message="Exception in constructor: testDummy (java.lang.NoClassDefFoundError: Could not initialize class com.ibatis.jpetstore.persistence.PersistenceFixture&#xd;&#xa;&#x9;at com.ibatis.jpetstore.persistence.BasePersistenceTest.&lt;init&gt;(BasePersistenceTest.java:7)&#xd;&#xa;&#x9;at com.ibatis.jpetstore.persistence.ProductDaoTest.&lt;init&gt;(ProductDaoTest.java:5)&#xd;&#xa;&#x9;at sun.reflect.NativeConstructorAccessorImpl.newInstance0(Native Method)&#xd;&#xa;&#x9;at sun.reflect.NativeConstructorAccessorImpl.newInstance(NativeConstructorAccessorImpl.java:62)&#xd;&#xa;&#x9;at sun.reflect.DelegatingConstructorAccessorImpl.newInstance(DelegatingConstructorAccessorImpl.java:45)&#xd;&#xa;&#x9;at java.lang.reflect.Constructor.newInstance(Constructor.java:423)&#xd;&#xa;&#x9;at junit.framework.TestSuite.createTest(TestSuite.java:61)&#xd;&#xa;&#x9;at junit.framework.TestSuite.addTestMethod(TestSuite.java:283)&#xd;&#xa;&#x9;at junit.framework.TestSuite.&lt;init&gt;(TestSuite.java:146)&#xd;&#xa;&#x9;at org.apache.tools.ant.taskdefs.optional.junit.JUnitTestRunner.run(JUnitTestRunner.java:504)&#xd;&#xa;&#x9;at org.apache.tools.ant.taskdefs.optional.junit.JUnitTestRunner.launch(JUnitTestRunner.java:1178)&#xd;&#xa;&#x9;at org.apache.tools.ant.taskdefs.optional.junit.JUnitTestRunner.main(JUnitTestRunner.java:1032)&#xd;&#xa;)" type="junit.framework.AssertionFailedError">junit.framework.AssertionFailedError: Exception in constructor: testDummy (java.lang.NoClassDefFoundError: Could not initialize class com.ibatis.jpetstore.persistence.PersistenceFixture
	at com.ibatis.jpetstore.persistence.BasePersistenceTest.&lt;init&gt;(BasePersistenceTest.java:7)
	at com.ibatis.jpetstore.persistence.ProductDaoTest.&lt;init&gt;(ProductDaoTest.java:5)
	at java.lang.reflect.Constructor.newInstance(Constructor.java:423)
)
</failure>

      </testcase>

      <system-out><![CDATA[]]></system-out>

      <system-err><![CDATA[]]></system-err>

  </testsuite>
  <testsuite errors="0" failures="2" hostname="LP1-AP-51762237" id="7" name="SequenceDaoTest" package="com.ibatis.jpetstore.persistence" skipped="0" tests="2" time="0.048" timestamp="2019-04-28T17:20:50">
      <properties>
[...]
</properties>

      <testcase classname="junit.framework.TestSuite$1" name="warning" time="0.004">
          <failure message="Exception in constructor: testSequenceShouldReturnIncrementalIdNumbers (java.lang.ClassFormatError: Illegal local variable table length 5 in method com.ibatis.jpetstore.persistence.DaoConfig.&lt;init&gt;()V&#xd;&#xa;&#x9;at com.ibatis.jpetstore.persistence.PersistenceFixture.&lt;clinit&gt;(PersistenceFixture.java:27)&#xd;&#xa;&#x9;at com.ibatis.jpetstore.persistence.BasePersistenceTest.&lt;init&gt;(BasePersistenceTest.java:7)&#xd;&#xa;&#x9;at com.ibatis.jpetstore.persistence.SequenceDaoTest.&lt;init&gt;(SequenceDaoTest.java:5)&#xd;&#xa;&#x9;at sun.reflect.NativeConstructorAccessorImpl.newInstance0(Native Method)&#xd;&#xa;&#x9;at sun.reflect.NativeConstructorAccessorImpl.newInstance(NativeConstructorAccessorImpl.java:62)&#xd;&#xa;&#x9;at sun.reflect.DelegatingConstructorAccessorImpl.newInstance(DelegatingConstructorAccessorImpl.java:45)&#xd;&#xa;&#x9;at java.lang.reflect.Constructor.newInstance(Constructor.java:423)&#xd;&#xa;&#x9;at junit.framework.TestSuite.createTest(TestSuite.java:61)&#xd;&#xa;&#x9;at junit.framework.TestSuite.addTestMethod(TestSuite.java:283)&#xd;&#xa;&#x9;at junit.framework.TestSuite.&lt;init&gt;(TestSuite.java:146)&#xd;&#xa;&#x9;at org.apache.tools.ant.taskdefs.optional.junit.JUnitTestRunner.run(JUnitTestRunner.java:504)&#xd;&#xa;&#x9;at org.apache.tools.ant.taskdefs.optional.junit.JUnitTestRunner.launch(JUnitTestRunner.java:1178)&#xd;&#xa;&#x9;at org.apache.tools.ant.taskdefs.optional.junit.JUnitTestRunner.main(JUnitTestRunner.java:1032)&#xd;&#xa;)" type="junit.framework.AssertionFailedError">junit.framework.AssertionFailedError: Exception in constructor: testSequenceShouldReturnIncrementalIdNumbers (java.lang.ClassFormatError: Illegal local variable table length 5 in method com.ibatis.jpetstore.persistence.DaoConfig.&lt;init&gt;()V
	at com.ibatis.jpetstore.persistence.PersistenceFixture.&lt;clinit&gt;(PersistenceFixture.java:27)
	at com.ibatis.jpetstore.persistence.BasePersistenceTest.&lt;init&gt;(BasePersistenceTest.java:7)
	at com.ibatis.jpetstore.persistence.SequenceDaoTest.&lt;init&gt;(SequenceDaoTest.java:5)
	at java.lang.reflect.Constructor.newInstance(Constructor.java:423)
)
</failure>

      </testcase>

      <testcase classname="junit.framework.TestSuite$1" name="warning" time="0.002">
          <failure message="Exception in constructor: testDummy (java.lang.NoClassDefFoundError: Could not initialize class com.ibatis.jpetstore.persistence.PersistenceFixture&#xd;&#xa;&#x9;at com.ibatis.jpetstore.persistence.BasePersistenceTest.&lt;init&gt;(BasePersistenceTest.java:7)&#xd;&#xa;&#x9;at com.ibatis.jpetstore.persistence.SequenceDaoTest.&lt;init&gt;(SequenceDaoTest.java:5)&#xd;&#xa;&#x9;at sun.reflect.NativeConstructorAccessorImpl.newInstance0(Native Method)&#xd;&#xa;&#x9;at sun.reflect.NativeConstructorAccessorImpl.newInstance(NativeConstructorAccessorImpl.java:62)&#xd;&#xa;&#x9;at sun.reflect.DelegatingConstructorAccessorImpl.newInstance(DelegatingConstructorAccessorImpl.java:45)&#xd;&#xa;&#x9;at java.lang.reflect.Constructor.newInstance(Constructor.java:423)&#xd;&#xa;&#x9;at junit.framework.TestSuite.createTest(TestSuite.java:61)&#xd;&#xa;&#x9;at junit.framework.TestSuite.addTestMethod(TestSuite.java:283)&#xd;&#xa;&#x9;at junit.framework.TestSuite.&lt;init&gt;(TestSuite.java:146)&#xd;&#xa;&#x9;at org.apache.tools.ant.taskdefs.optional.junit.JUnitTestRunner.run(JUnitTestRunner.java:504)&#xd;&#xa;&#x9;at org.apache.tools.ant.taskdefs.optional.junit.JUnitTestRunner.launch(JUnitTestRunner.java:1178)&#xd;&#xa;&#x9;at org.apache.tools.ant.taskdefs.optional.junit.JUnitTestRunner.main(JUnitTestRunner.java:1032)&#xd;&#xa;)" type="junit.framework.AssertionFailedError">junit.framework.AssertionFailedError: Exception in constructor: testDummy (java.lang.NoClassDefFoundError: Could not initialize class com.ibatis.jpetstore.persistence.PersistenceFixture
	at com.ibatis.jpetstore.persistence.BasePersistenceTest.&lt;init&gt;(BasePersistenceTest.java:7)
	at com.ibatis.jpetstore.persistence.SequenceDaoTest.&lt;init&gt;(SequenceDaoTest.java:5)
	at java.lang.reflect.Constructor.newInstance(Constructor.java:423)
)
</failure>

      </testcase>

      <system-out><![CDATA[]]></system-out>

      <system-err><![CDATA[]]></system-err>

  </testsuite>
  <testsuite errors="11" failures="0" hostname="LP1-AP-51762237" id="8" name="AccountBeanTest" package="com.ibatis.jpetstore.presentation" skipped="0" tests="11" time="0.124" timestamp="2019-04-28T17:20:51">
      <properties>
[...]
</properties>

      <testcase classname="com.ibatis.jpetstore.presentation.AccountBeanTest" name="testShouldCallEditAccountFormReturningSuccess" time="0.008">
          <error message="Illegal local variable table length 5 in method com.ibatis.jpetstore.domain.Account.&lt;init&gt;()V" type="java.lang.ClassFormatError">java.lang.ClassFormatError: Illegal local variable table length 5 in method com.ibatis.jpetstore.domain.Account.&lt;init&gt;()V
	at com.ibatis.jpetstore.domain.DomainFixture.newTestAccount(DomainFixture.java:9)
	at com.ibatis.jpetstore.presentation.AccountBeanTest.testShouldCallEditAccountFormReturningSuccess(AccountBeanTest.java:72)
	at org.jmock.core.VerifyingTestCase.runBare(Unknown Source)
</error>

      </testcase>

      <testcase classname="com.ibatis.jpetstore.presentation.AccountBeanTest" name="testShouldSuccessfullyCallServicesToUpdateExistingAccount" time="0.002">
          <error message="Illegal local variable table length 5 in method com.ibatis.jpetstore.domain.Account.&lt;init&gt;()V" type="java.lang.ClassFormatError">java.lang.ClassFormatError: Illegal local variable table length 5 in method com.ibatis.jpetstore.domain.Account.&lt;init&gt;()V
	at com.ibatis.jpetstore.domain.DomainFixture.newTestAccount(DomainFixture.java:9)
	at com.ibatis.jpetstore.presentation.AccountBeanTest.testShouldSuccessfullyCallServicesToUpdateExistingAccount(AccountBeanTest.java:44)
	at org.jmock.core.VerifyingTestCase.runBare(Unknown Source)
</error>

      </testcase>

      <testcase classname="com.ibatis.jpetstore.presentation.AccountBeanTest" name="testShouldSuccessfullyCallServicesToCreateNewAccount" time="0.0">
          <error message="Illegal local variable table length 5 in method com.ibatis.jpetstore.domain.Account.&lt;init&gt;()V" type="java.lang.ClassFormatError">java.lang.ClassFormatError: Illegal local variable table length 5 in method com.ibatis.jpetstore.domain.Account.&lt;init&gt;()V
	at com.ibatis.jpetstore.domain.DomainFixture.newTestAccount(DomainFixture.java:9)
	at com.ibatis.jpetstore.presentation.AccountBeanTest.testShouldSuccessfullyCallServicesToCreateNewAccount(AccountBeanTest.java:16)
	at org.jmock.core.VerifyingTestCase.runBare(Unknown Source)
</error>

      </testcase>

      <testcase classname="com.ibatis.jpetstore.presentation.AccountBeanTest" name="testShouldGetCategories" time="0.01">
          <error message="Illegal local variable table length 5 in method com.ibatis.jpetstore.presentation.AbstractBean.&lt;init&gt;()V" type="java.lang.ClassFormatError">java.lang.ClassFormatError: Illegal local variable table length 5 in method com.ibatis.jpetstore.presentation.AbstractBean.&lt;init&gt;()V
	at com.ibatis.jpetstore.presentation.AccountBeanTest.testShouldGetCategories(AccountBeanTest.java:149)
	at org.jmock.core.VerifyingTestCase.runBare(Unknown Source)
</error>

      </testcase>

      <testcase classname="com.ibatis.jpetstore.presentation.AccountBeanTest" name="testShouldGetLanguages" time="0.0">
          <error message="Illegal local variable table length 5 in method com.ibatis.jpetstore.presentation.AbstractBean.&lt;init&gt;()V" type="java.lang.ClassFormatError">java.lang.ClassFormatError: Illegal local variable table length 5 in method com.ibatis.jpetstore.presentation.AbstractBean.&lt;init&gt;()V
	at com.ibatis.jpetstore.presentation.AccountBeanTest.testShouldGetLanguages(AccountBeanTest.java:159)
	at org.jmock.core.VerifyingTestCase.runBare(Unknown Source)
</error>

      </testcase>

      <testcase classname="com.ibatis.jpetstore.presentation.AccountBeanTest" name="testShouldResetBooleanOptions" time="0.0">
          <error message="Illegal local variable table length 5 in method com.ibatis.jpetstore.presentation.AbstractBean.&lt;init&gt;()V" type="java.lang.ClassFormatError">java.lang.ClassFormatError: Illegal local variable table length 5 in method com.ibatis.jpetstore.presentation.AbstractBean.&lt;init&gt;()V
	at com.ibatis.jpetstore.presentation.AccountBeanTest.testShouldResetBooleanOptions(AccountBeanTest.java:166)
	at org.jmock.core.VerifyingTestCase.runBare(Unknown Source)
</error>

      </testcase>

      <testcase classname="com.ibatis.jpetstore.presentation.AccountBeanTest" name="testShouldClearAccountBean" time="0.053">
          <error message="Expecting a stackmap frame at branch target 11&#xa;Exception Details:&#xa;  Location:&#xa;    com/ibatis/jpetstore/service/AccountService.&lt;init&gt;()V @4: ifnonnull&#xa;  Reason:&#xa;    Expected stackmap frame at this location.&#xa;  Bytecode:&#xa;    0x0000000: b200 3c59 c700 0757 b800 4603 324d 2ab7&#xa;    0x0000010: 0001 b800 024c 2a2b 1203 b900 0402 00c0&#xa;    0x0000020: 0003 b500 052c 0304 54b1               &#xa;" type="java.lang.VerifyError">java.lang.VerifyError: Expecting a stackmap frame at branch target 11
Exception Details:
  Location:
    com/ibatis/jpetstore/service/AccountService.&lt;init&gt;()V @4: ifnonnull
  Reason:
    Expected stackmap frame at this location.
  Bytecode:
    0x0000000: b200 3c59 c700 0757 b800 4603 324d 2ab7
    0x0000010: 0001 b800 024c 2a2b 1203 b900 0402 00c0
    0x0000020: 0003 b500 052c 0304 54b1               

	at java.lang.Class.getDeclaredConstructors0(Native Method)
	at java.lang.Class.privateGetDeclaredConstructors(Class.java:2671)
	at java.lang.Class.getDeclaredConstructors(Class.java:2020)
	at net.sf.cglib.proxy.Enhancer.generateClass(Enhancer.java:447)
	at net.sf.cglib.core.DefaultGeneratorStrategy.generate(DefaultGeneratorStrategy.java:25)
	at net.sf.cglib.core.AbstractClassGenerator.create(AbstractClassGenerator.java:216)
	at net.sf.cglib.proxy.Enhancer.createHelper(Enhancer.java:377)
	at net.sf.cglib.proxy.Enhancer.create(Enhancer.java:285)
	at net.sf.cglib.proxy.Enhancer.create(Enhancer.java:660)
	at org.jmock.cglib.CGLIBCoreMock.&lt;init&gt;(Unknown Source)
	at org.jmock.cglib.CGLIBCoreMock.&lt;init&gt;(Unknown Source)
	at org.jmock.cglib.MockObjectTestCase.newCoreMock(Unknown Source)
	at org.jmock.MockObjectTestCase.mock(Unknown Source)
	at org.jmock.MockObjectTestCase.mock(Unknown Source)
	at com.ibatis.jpetstore.presentation.AccountBeanTest.testShouldClearAccountBean(AccountBeanTest.java:176)
	at org.jmock.core.VerifyingTestCase.runBare(Unknown Source)
</error>

      </testcase>

      <testcase classname="com.ibatis.jpetstore.presentation.AccountBeanTest" name="testShouldSwitchPageDirection" time="0.0">
          <error message="Illegal local variable table length 5 in method com.ibatis.jpetstore.domain.Account.&lt;init&gt;()V" type="java.lang.ClassFormatError">java.lang.ClassFormatError: Illegal local variable table length 5 in method com.ibatis.jpetstore.domain.Account.&lt;init&gt;()V
	at com.ibatis.jpetstore.domain.DomainFixture.newTestAccount(DomainFixture.java:9)
	at com.ibatis.jpetstore.presentation.AccountBeanTest.testShouldSwitchPageDirection(AccountBeanTest.java:85)
	at org.jmock.core.VerifyingTestCase.runBare(Unknown Source)
</error>

      </testcase>

      <testcase classname="com.ibatis.jpetstore.presentation.AccountBeanTest" name="testShouldSignoffAccount" time="0.0">
          <error message="Illegal local variable table length 5 in method com.ibatis.jpetstore.domain.Account.&lt;init&gt;()V" type="java.lang.ClassFormatError">java.lang.ClassFormatError: Illegal local variable table length 5 in method com.ibatis.jpetstore.domain.Account.&lt;init&gt;()V
	at com.ibatis.jpetstore.domain.DomainFixture.newTestAccount(DomainFixture.java:9)
	at com.ibatis.jpetstore.presentation.AccountBeanTest.testShouldSignoffAccount(AccountBeanTest.java:98)
	at org.jmock.core.VerifyingTestCase.runBare(Unknown Source)
</error>

      </testcase>

      <testcase classname="com.ibatis.jpetstore.presentation.AccountBeanTest" name="testShouldSignonAccount" time="0.001">
          <error message="Illegal local variable table length 5 in method com.ibatis.jpetstore.domain.Account.&lt;init&gt;()V" type="java.lang.ClassFormatError">java.lang.ClassFormatError: Illegal local variable table length 5 in method com.ibatis.jpetstore.domain.Account.&lt;init&gt;()V
	at com.ibatis.jpetstore.domain.DomainFixture.newTestAccount(DomainFixture.java:9)
	at com.ibatis.jpetstore.presentation.AccountBeanTest.testShouldSignonAccount(AccountBeanTest.java:118)
	at org.jmock.core.VerifyingTestCase.runBare(Unknown Source)
</error>

      </testcase>

      <testcase classname="com.ibatis.jpetstore.presentation.AccountBeanTest" name="testShouldFailToSignonAccount" time="0.001">
          <error message="Illegal local variable table length 5 in method com.ibatis.jpetstore.domain.Account.&lt;init&gt;()V" type="java.lang.ClassFormatError">java.lang.ClassFormatError: Illegal local variable table length 5 in method com.ibatis.jpetstore.domain.Account.&lt;init&gt;()V
	at com.ibatis.jpetstore.domain.DomainFixture.newTestAccount(DomainFixture.java:9)
	at com.ibatis.jpetstore.presentation.AccountBeanTest.testShouldFailToSignonAccount(AccountBeanTest.java:136)
	at org.jmock.core.VerifyingTestCase.runBare(Unknown Source)
</error>

      </testcase>

      <system-out><![CDATA[]]></system-out>

      <system-err><![CDATA[]]></system-err>

  </testsuite>
  <testsuite errors="7" failures="0" hostname="LP1-AP-51762237" id="9" name="CartBeanTest" package="com.ibatis.jpetstore.presentation" skipped="0" tests="7" time="0.117" timestamp="2019-04-28T17:20:51">
      <properties>
[...]
</properties>

      <testcase classname="com.ibatis.jpetstore.presentation.CartBeanTest" name="testShouldRemoveItemFromCart" time="0.064">
          <error message="Expecting a stackmap frame at branch target 11&#xa;Exception Details:&#xa;  Location:&#xa;    com/ibatis/jpetstore/service/CatalogService.&lt;init&gt;()V @4: ifnonnull&#xa;  Reason:&#xa;    Expected stackmap frame at this location.&#xa;  Bytecode:&#xa;    0x0000000: b200 5859 c700 0757 b800 6203 324d 2ab7&#xa;    0x0000010: 0001 b800 024c 2a2b 1203 b900 0402 00c0&#xa;    0x0000020: 0003 b500 052a 2b12 06b9 0004 0200 c000&#xa;    0x0000030: 06b5 0007 2a2b 1208 b900 0402 00c0 0008&#xa;    0x0000040: b500 092c 0304 54b1                    &#xa;" type="java.lang.VerifyError">java.lang.VerifyError: Expecting a stackmap frame at branch target 11
Exception Details:
  Location:
    com/ibatis/jpetstore/service/CatalogService.&lt;init&gt;()V @4: ifnonnull
  Reason:
    Expected stackmap frame at this location.
  Bytecode:
    0x0000000: b200 5859 c700 0757 b800 6203 324d 2ab7
    0x0000010: 0001 b800 024c 2a2b 1203 b900 0402 00c0
    0x0000020: 0003 b500 052a 2b12 06b9 0004 0200 c000
    0x0000030: 06b5 0007 2a2b 1208 b900 0402 00c0 0008
    0x0000040: b500 092c 0304 54b1                    

	at java.lang.Class.getDeclaredConstructors0(Native Method)
	at java.lang.Class.privateGetDeclaredConstructors(Class.java:2671)
	at java.lang.Class.getDeclaredConstructors(Class.java:2020)
	at net.sf.cglib.proxy.Enhancer.generateClass(Enhancer.java:447)
	at net.sf.cglib.core.DefaultGeneratorStrategy.generate(DefaultGeneratorStrategy.java:25)
	at net.sf.cglib.core.AbstractClassGenerator.create(AbstractClassGenerator.java:216)
	at net.sf.cglib.proxy.Enhancer.createHelper(Enhancer.java:377)
	at net.sf.cglib.proxy.Enhancer.create(Enhancer.java:285)
	at net.sf.cglib.proxy.Enhancer.create(Enhancer.java:660)
	at org.jmock.cglib.CGLIBCoreMock.&lt;init&gt;(Unknown Source)
	at org.jmock.cglib.CGLIBCoreMock.&lt;init&gt;(Unknown Source)
	at org.jmock.cglib.MockObjectTestCase.newCoreMock(Unknown Source)
	at org.jmock.MockObjectTestCase.mock(Unknown Source)
	at org.jmock.MockObjectTestCase.mock(Unknown Source)
	at com.ibatis.jpetstore.presentation.CartBeanTest.testShouldRemoveItemFromCart(CartBeanTest.java:80)
	at org.jmock.core.VerifyingTestCase.runBare(Unknown Source)
</error>

      </testcase>

      <testcase classname="com.ibatis.jpetstore.presentation.CartBeanTest" name="testShouldAddItemToCart" time="0.002">
          <error message="Expecting a stackmap frame at branch target 11&#xa;Exception Details:&#xa;  Location:&#xa;    com/ibatis/jpetstore/service/CatalogService.&lt;init&gt;()V @4: ifnonnull&#xa;  Reason:&#xa;    Expected stackmap frame at this location.&#xa;  Bytecode:&#xa;    0x0000000: b200 5859 c700 0757 b800 6203 324d 2ab7&#xa;    0x0000010: 0001 b800 024c 2a2b 1203 b900 0402 00c0&#xa;    0x0000020: 0003 b500 052a 2b12 06b9 0004 0200 c000&#xa;    0x0000030: 06b5 0007 2a2b 1208 b900 0402 00c0 0008&#xa;    0x0000040: b500 092c 0304 54b1                    &#xa;" type="java.lang.VerifyError">java.lang.VerifyError: Expecting a stackmap frame at branch target 11
Exception Details:
  Location:
    com/ibatis/jpetstore/service/CatalogService.&lt;init&gt;()V @4: ifnonnull
  Reason:
    Expected stackmap frame at this location.
  Bytecode:
    0x0000000: b200 5859 c700 0757 b800 6203 324d 2ab7
    0x0000010: 0001 b800 024c 2a2b 1203 b900 0402 00c0
    0x0000020: 0003 b500 052a 2b12 06b9 0004 0200 c000
    0x0000030: 06b5 0007 2a2b 1208 b900 0402 00c0 0008
    0x0000040: b500 092c 0304 54b1                    

	at java.lang.Class.getDeclaredConstructors0(Native Method)
	at java.lang.Class.privateGetDeclaredConstructors(Class.java:2671)
	at java.lang.Class.getDeclaredConstructors(Class.java:2020)
	at net.sf.cglib.proxy.Enhancer.generateClass(Enhancer.java:447)
	at net.sf.cglib.core.DefaultGeneratorStrategy.generate(DefaultGeneratorStrategy.java:25)
	at net.sf.cglib.core.AbstractClassGenerator.create(AbstractClassGenerator.java:216)
	at net.sf.cglib.proxy.Enhancer.createHelper(Enhancer.java:377)
	at net.sf.cglib.proxy.Enhancer.create(Enhancer.java:285)
	at net.sf.cglib.proxy.Enhancer.create(Enhancer.java:660)
	at org.jmock.cglib.CGLIBCoreMock.&lt;init&gt;(Unknown Source)
	at org.jmock.cglib.CGLIBCoreMock.&lt;init&gt;(Unknown Source)
	at org.jmock.cglib.MockObjectTestCase.newCoreMock(Unknown Source)
	at org.jmock.MockObjectTestCase.mock(Unknown Source)
	at org.jmock.MockObjectTestCase.mock(Unknown Source)
	at com.ibatis.jpetstore.presentation.CartBeanTest.testShouldAddItemToCart(CartBeanTest.java:52)
	at org.jmock.core.VerifyingTestCase.runBare(Unknown Source)
</error>

      </testcase>

      <testcase classname="com.ibatis.jpetstore.presentation.CartBeanTest" name="testShouldClearAllCartData" time="0.001">
          <error message="Expecting a stackmap frame at branch target 11&#xa;Exception Details:&#xa;  Location:&#xa;    com/ibatis/jpetstore/service/CatalogService.&lt;init&gt;()V @4: ifnonnull&#xa;  Reason:&#xa;    Expected stackmap frame at this location.&#xa;  Bytecode:&#xa;    0x0000000: b200 5859 c700 0757 b800 6203 324d 2ab7&#xa;    0x0000010: 0001 b800 024c 2a2b 1203 b900 0402 00c0&#xa;    0x0000020: 0003 b500 052a 2b12 06b9 0004 0200 c000&#xa;    0x0000030: 06b5 0007 2a2b 1208 b900 0402 00c0 0008&#xa;    0x0000040: b500 092c 0304 54b1                    &#xa;" type="java.lang.VerifyError">java.lang.VerifyError: Expecting a stackmap frame at branch target 11
Exception Details:
  Location:
    com/ibatis/jpetstore/service/CatalogService.&lt;init&gt;()V @4: ifnonnull
  Reason:
    Expected stackmap frame at this location.
  Bytecode:
    0x0000000: b200 5859 c700 0757 b800 6203 324d 2ab7
    0x0000010: 0001 b800 024c 2a2b 1203 b900 0402 00c0
    0x0000020: 0003 b500 052a 2b12 06b9 0004 0200 c000
    0x0000030: 06b5 0007 2a2b 1208 b900 0402 00c0 0008
    0x0000040: b500 092c 0304 54b1                    

	at java.lang.Class.getDeclaredConstructors0(Native Method)
	at java.lang.Class.privateGetDeclaredConstructors(Class.java:2671)
	at java.lang.Class.getDeclaredConstructors(Class.java:2020)
	at net.sf.cglib.proxy.Enhancer.generateClass(Enhancer.java:447)
	at net.sf.cglib.core.DefaultGeneratorStrategy.generate(DefaultGeneratorStrategy.java:25)
	at net.sf.cglib.core.AbstractClassGenerator.create(AbstractClassGenerator.java:216)
	at net.sf.cglib.proxy.Enhancer.createHelper(Enhancer.java:377)
	at net.sf.cglib.proxy.Enhancer.create(Enhancer.java:285)
	at net.sf.cglib.proxy.Enhancer.create(Enhancer.java:660)
	at org.jmock.cglib.CGLIBCoreMock.&lt;init&gt;(Unknown Source)
	at org.jmock.cglib.CGLIBCoreMock.&lt;init&gt;(Unknown Source)
	at org.jmock.cglib.MockObjectTestCase.newCoreMock(Unknown Source)
	at org.jmock.MockObjectTestCase.mock(Unknown Source)
	at org.jmock.MockObjectTestCase.mock(Unknown Source)
	at com.ibatis.jpetstore.presentation.CartBeanTest.testShouldClearAllCartData(CartBeanTest.java:39)
	at org.jmock.core.VerifyingTestCase.runBare(Unknown Source)
</error>

      </testcase>

      <testcase classname="com.ibatis.jpetstore.presentation.CartBeanTest" name="testShouldUpdateCartQuantities" time="0.001">
          <error message="Expecting a stackmap frame at branch target 11&#xa;Exception Details:&#xa;  Location:&#xa;    com/ibatis/jpetstore/service/CatalogService.&lt;init&gt;()V @4: ifnonnull&#xa;  Reason:&#xa;    Expected stackmap frame at this location.&#xa;  Bytecode:&#xa;    0x0000000: b200 5859 c700 0757 b800 6203 324d 2ab7&#xa;    0x0000010: 0001 b800 024c 2a2b 1203 b900 0402 00c0&#xa;    0x0000020: 0003 b500 052a 2b12 06b9 0004 0200 c000&#xa;    0x0000030: 06b5 0007 2a2b 1208 b900 0402 00c0 0008&#xa;    0x0000040: b500 092c 0304 54b1                    &#xa;" type="java.lang.VerifyError">java.lang.VerifyError: Expecting a stackmap frame at branch target 11
Exception Details:
  Location:
    com/ibatis/jpetstore/service/CatalogService.&lt;init&gt;()V @4: ifnonnull
  Reason:
    Expected stackmap frame at this location.
  Bytecode:
    0x0000000: b200 5859 c700 0757 b800 6203 324d 2ab7
    0x0000010: 0001 b800 024c 2a2b 1203 b900 0402 00c0
    0x0000020: 0003 b500 052a 2b12 06b9 0004 0200 c000
    0x0000030: 06b5 0007 2a2b 1208 b900 0402 00c0 0008
    0x0000040: b500 092c 0304 54b1                    

	at java.lang.Class.getDeclaredConstructors0(Native Method)
	at java.lang.Class.privateGetDeclaredConstructors(Class.java:2671)
	at java.lang.Class.getDeclaredConstructors(Class.java:2020)
	at net.sf.cglib.proxy.Enhancer.generateClass(Enhancer.java:447)
	at net.sf.cglib.core.DefaultGeneratorStrategy.generate(DefaultGeneratorStrategy.java:25)
	at net.sf.cglib.core.AbstractClassGenerator.create(AbstractClassGenerator.java:216)
	at net.sf.cglib.proxy.Enhancer.createHelper(Enhancer.java:377)
	at net.sf.cglib.proxy.Enhancer.create(Enhancer.java:285)
	at net.sf.cglib.proxy.Enhancer.create(Enhancer.java:660)
	at org.jmock.cglib.CGLIBCoreMock.&lt;init&gt;(Unknown Source)
	at org.jmock.cglib.CGLIBCoreMock.&lt;init&gt;(Unknown Source)
	at org.jmock.cglib.MockObjectTestCase.newCoreMock(Unknown Source)
	at org.jmock.MockObjectTestCase.mock(Unknown Source)
	at org.jmock.MockObjectTestCase.mock(Unknown Source)
	at com.ibatis.jpetstore.presentation.CartBeanTest.testShouldUpdateCartQuantities(CartBeanTest.java:98)
	at org.jmock.core.VerifyingTestCase.runBare(Unknown Source)
</error>

      </testcase>

      <testcase classname="com.ibatis.jpetstore.presentation.CartBeanTest" name="testShouldSuccessfullyReturnFromViewCart" time="0.001">
          <error message="Expecting a stackmap frame at branch target 11&#xa;Exception Details:&#xa;  Location:&#xa;    com/ibatis/jpetstore/service/CatalogService.&lt;init&gt;()V @4: ifnonnull&#xa;  Reason:&#xa;    Expected stackmap frame at this location.&#xa;  Bytecode:&#xa;    0x0000000: b200 5859 c700 0757 b800 6203 324d 2ab7&#xa;    0x0000010: 0001 b800 024c 2a2b 1203 b900 0402 00c0&#xa;    0x0000020: 0003 b500 052a 2b12 06b9 0004 0200 c000&#xa;    0x0000030: 06b5 0007 2a2b 1208 b900 0402 00c0 0008&#xa;    0x0000040: b500 092c 0304 54b1                    &#xa;" type="java.lang.VerifyError">java.lang.VerifyError: Expecting a stackmap frame at branch target 11
Exception Details:
  Location:
    com/ibatis/jpetstore/service/CatalogService.&lt;init&gt;()V @4: ifnonnull
  Reason:
    Expected stackmap frame at this location.
  Bytecode:
    0x0000000: b200 5859 c700 0757 b800 6203 324d 2ab7
    0x0000010: 0001 b800 024c 2a2b 1203 b900 0402 00c0
    0x0000020: 0003 b500 052a 2b12 06b9 0004 0200 c000
    0x0000030: 06b5 0007 2a2b 1208 b900 0402 00c0 0008
    0x0000040: b500 092c 0304 54b1                    

	at java.lang.Class.getDeclaredConstructors0(Native Method)
	at java.lang.Class.privateGetDeclaredConstructors(Class.java:2671)
	at java.lang.Class.getDeclaredConstructors(Class.java:2020)
	at net.sf.cglib.proxy.Enhancer.generateClass(Enhancer.java:447)
	at net.sf.cglib.core.DefaultGeneratorStrategy.generate(DefaultGeneratorStrategy.java:25)
	at net.sf.cglib.core.AbstractClassGenerator.create(AbstractClassGenerator.java:216)
	at net.sf.cglib.proxy.Enhancer.createHelper(Enhancer.java:377)
	at net.sf.cglib.proxy.Enhancer.create(Enhancer.java:285)
	at net.sf.cglib.proxy.Enhancer.create(Enhancer.java:660)
	at org.jmock.cglib.CGLIBCoreMock.&lt;init&gt;(Unknown Source)
	at org.jmock.cglib.CGLIBCoreMock.&lt;init&gt;(Unknown Source)
	at org.jmock.cglib.MockObjectTestCase.newCoreMock(Unknown Source)
	at org.jmock.MockObjectTestCase.mock(Unknown Source)
	at org.jmock.MockObjectTestCase.mock(Unknown Source)
	at com.ibatis.jpetstore.presentation.CartBeanTest.testShouldSuccessfullyReturnFromViewCart(CartBeanTest.java:14)
	at org.jmock.core.VerifyingTestCase.runBare(Unknown Source)
</error>

      </testcase>

      <testcase classname="com.ibatis.jpetstore.presentation.CartBeanTest" name="testShouldSwitchPagesBackAndForth" time="0.001">
          <error message="Expecting a stackmap frame at branch target 11&#xa;Exception Details:&#xa;  Location:&#xa;    com/ibatis/jpetstore/service/CatalogService.&lt;init&gt;()V @4: ifnonnull&#xa;  Reason:&#xa;    Expected stackmap frame at this location.&#xa;  Bytecode:&#xa;    0x0000000: b200 5859 c700 0757 b800 6203 324d 2ab7&#xa;    0x0000010: 0001 b800 024c 2a2b 1203 b900 0402 00c0&#xa;    0x0000020: 0003 b500 052a 2b12 06b9 0004 0200 c000&#xa;    0x0000030: 06b5 0007 2a2b 1208 b900 0402 00c0 0008&#xa;    0x0000040: b500 092c 0304 54b1                    &#xa;" type="java.lang.VerifyError">java.lang.VerifyError: Expecting a stackmap frame at branch target 11
Exception Details:
  Location:
    com/ibatis/jpetstore/service/CatalogService.&lt;init&gt;()V @4: ifnonnull
  Reason:
    Expected stackmap frame at this location.
  Bytecode:
    0x0000000: b200 5859 c700 0757 b800 6203 324d 2ab7
    0x0000010: 0001 b800 024c 2a2b 1203 b900 0402 00c0
    0x0000020: 0003 b500 052a 2b12 06b9 0004 0200 c000
    0x0000030: 06b5 0007 2a2b 1208 b900 0402 00c0 0008
    0x0000040: b500 092c 0304 54b1                    

	at java.lang.Class.getDeclaredConstructors0(Native Method)
	at java.lang.Class.privateGetDeclaredConstructors(Class.java:2671)
	at java.lang.Class.getDeclaredConstructors(Class.java:2020)
	at net.sf.cglib.proxy.Enhancer.generateClass(Enhancer.java:447)
	at net.sf.cglib.core.DefaultGeneratorStrategy.generate(DefaultGeneratorStrategy.java:25)
	at net.sf.cglib.core.AbstractClassGenerator.create(AbstractClassGenerator.java:216)
	at net.sf.cglib.proxy.Enhancer.createHelper(Enhancer.java:377)
	at net.sf.cglib.proxy.Enhancer.create(Enhancer.java:285)
	at net.sf.cglib.proxy.Enhancer.create(Enhancer.java:660)
	at org.jmock.cglib.CGLIBCoreMock.&lt;init&gt;(Unknown Source)
	at org.jmock.cglib.CGLIBCoreMock.&lt;init&gt;(Unknown Source)
	at org.jmock.cglib.MockObjectTestCase.newCoreMock(Unknown Source)
	at org.jmock.MockObjectTestCase.mock(Unknown Source)
	at org.jmock.MockObjectTestCase.mock(Unknown Source)
	at com.ibatis.jpetstore.presentation.CartBeanTest.testShouldSwitchPagesBackAndForth(CartBeanTest.java:20)
	at org.jmock.core.VerifyingTestCase.runBare(Unknown Source)
</error>

      </testcase>

      <testcase classname="com.ibatis.jpetstore.presentation.CartBeanTest" name="testShouldFailToRemoveItemFromCart" time="0.001">
          <error message="Expecting a stackmap frame at branch target 11&#xa;Exception Details:&#xa;  Location:&#xa;    com/ibatis/jpetstore/service/CatalogService.&lt;init&gt;()V @4: ifnonnull&#xa;  Reason:&#xa;    Expected stackmap frame at this location.&#xa;  Bytecode:&#xa;    0x0000000: b200 5859 c700 0757 b800 6203 324d 2ab7&#xa;    0x0000010: 0001 b800 024c 2a2b 1203 b900 0402 00c0&#xa;    0x0000020: 0003 b500 052a 2b12 06b9 0004 0200 c000&#xa;    0x0000030: 06b5 0007 2a2b 1208 b900 0402 00c0 0008&#xa;    0x0000040: b500 092c 0304 54b1                    &#xa;" type="java.lang.VerifyError">java.lang.VerifyError: Expecting a stackmap frame at branch target 11
Exception Details:
  Location:
    com/ibatis/jpetstore/service/CatalogService.&lt;init&gt;()V @4: ifnonnull
  Reason:
    Expected stackmap frame at this location.
  Bytecode:
    0x0000000: b200 5859 c700 0757 b800 6203 324d 2ab7
    0x0000010: 0001 b800 024c 2a2b 1203 b900 0402 00c0
    0x0000020: 0003 b500 052a 2b12 06b9 0004 0200 c000
    0x0000030: 06b5 0007 2a2b 1208 b900 0402 00c0 0008
    0x0000040: b500 092c 0304 54b1                    

	at java.lang.Class.getDeclaredConstructors0(Native Method)
	at java.lang.Class.privateGetDeclaredConstructors(Class.java:2671)
	at java.lang.Class.getDeclaredConstructors(Class.java:2020)
	at net.sf.cglib.proxy.Enhancer.generateClass(Enhancer.java:447)
	at net.sf.cglib.core.DefaultGeneratorStrategy.generate(DefaultGeneratorStrategy.java:25)
	at net.sf.cglib.core.AbstractClassGenerator.create(AbstractClassGenerator.java:216)
	at net.sf.cglib.proxy.Enhancer.createHelper(Enhancer.java:377)
	at net.sf.cglib.proxy.Enhancer.create(Enhancer.java:285)
	at net.sf.cglib.proxy.Enhancer.create(Enhancer.java:660)
	at org.jmock.cglib.CGLIBCoreMock.&lt;init&gt;(Unknown Source)
	at org.jmock.cglib.CGLIBCoreMock.&lt;init&gt;(Unknown Source)
	at org.jmock.cglib.MockObjectTestCase.newCoreMock(Unknown Source)
	at org.jmock.MockObjectTestCase.mock(Unknown Source)
	at org.jmock.MockObjectTestCase.mock(Unknown Source)
	at com.ibatis.jpetstore.presentation.CartBeanTest.testShouldFailToRemoveItemFromCart(CartBeanTest.java:73)
	at org.jmock.core.VerifyingTestCase.runBare(Unknown Source)
</error>

      </testcase>

      <system-out><![CDATA[]]></system-out>

      <system-err><![CDATA[]]></system-err>

  </testsuite>
  <testsuite errors="8" failures="0" hostname="LP1-AP-51762237" id="10" name="CatalogBeanTest" package="com.ibatis.jpetstore.presentation" skipped="0" tests="8" time="0.119" timestamp="2019-04-28T17:20:51">
      <properties>
[...]
</properties>

      <testcase classname="com.ibatis.jpetstore.presentation.CatalogBeanTest" name="testShouldSwitchProductPageBackAndForth" time="0.062">
[...]
  Bytecode:
    0x0000000: b200 3c59 c700 0757 b800 4603 324d 2ab7
    0x0000010: 0001 b800 024c 2a2b 1203 b900 0402 00c0
    0x0000020: 0003 b500 052c 0304 54b1               

	at java.lang.Class.getDeclaredConstructors0(Native Method)
	at java.lang.Class.privateGetDeclaredConstructors(Class.java:2671)
	at java.lang.Class.getDeclaredConstructors(Class.java:2020)
	at net.sf.cglib.proxy.Enhancer.generateClass(Enhancer.java:447)
	at net.sf.cglib.core.DefaultGeneratorStrategy.generate(DefaultGeneratorStrategy.java:25)
	at net.sf.cglib.core.AbstractClassGenerator.create(AbstractClassGenerator.java:216)
	at net.sf.cglib.proxy.Enhancer.createHelper(Enhancer.java:377)
	at net.sf.cglib.proxy.Enhancer.create(Enhancer.java:285)
	at net.sf.cglib.proxy.Enhancer.create(Enhancer.java:660)
	at org.jmock.cglib.CGLIBCoreMock.&lt;init&gt;(Unknown Source)
	at org.jmock.cglib.CGLIBCoreMock.&lt;init&gt;(Unknown Source)
	at org.jmock.cglib.MockObjectTestCase.newCoreMock(Unknown Source)
	at org.jmock.MockObjectTestCase.mock(Unknown Source)
	at org.jmock.MockObjectTestCase.mock(Unknown Source)
	at com.ibatis.jpetstore.presentation.OrderBeanTest.testShouldForceSignonWhenAttemptingToCreateANewOrderWithoutBeingSignedIn(OrderBeanTest.java:140)
	at org.jmock.core.VerifyingTestCase.runBare(Unknown Source)
</error>

      </testcase>

      <system-out><![CDATA[]]></system-out>

      <system-err><![CDATA[]]></system-err>

  </testsuite>
  <testsuite errors="4" failures="0" hostname="LP1-AP-51762237" id="12" name="AccountServiceTest" package="com.ibatis.jpetstore.service" skipped="0" tests="4" time="0.074" timestamp="2019-04-28T17:20:52">
      <properties>
[...]
</properties>

      <testcase classname="com.ibatis.jpetstore.service.AccountServiceTest" name="testShouldVerifyUpdateAccountIsCalled" time="0.027">
          <error message="Illegal local variable table length 5 in method com.ibatis.jpetstore.domain.Account.&lt;init&gt;()V" type="java.lang.ClassFormatError">java.lang.ClassFormatError: Illegal local variable table length 5 in method com.ibatis.jpetstore.domain.Account.&lt;init&gt;()V
	at java.lang.Class.forName0(Native Method)
	at java.lang.Class.forName(Class.java:264)
	at com.sun.proxy.$Proxy0.&lt;clinit&gt;(Unknown Source)
	at java.lang.reflect.Constructor.newInstance(Constructor.java:423)
	at java.lang.reflect.Proxy.newProxyInstance(Proxy.java:739)
	at org.jmock.core.CoreMock.&lt;init&gt;(Unknown Source)
	at org.jmock.core.CoreMock.&lt;init&gt;(Unknown Source)
	at org.jmock.MockObjectTestCase.newCoreMock(Unknown Source)
	at org.jmock.MockObjectTestCase.mock(Unknown Source)
	at org.jmock.MockObjectTestCase.mock(Unknown Source)
	at com.ibatis.jpetstore.service.AccountServiceTest.testShouldVerifyUpdateAccountIsCalled(AccountServiceTest.java:47)
	at org.jmock.core.VerifyingTestCase.runBare(Unknown Source)
</error>

      </testcase>

      <testcase classname="com.ibatis.jpetstore.service.AccountServiceTest" name="testShouldVerifyGetAccountIsCalledByUsername" time="0.002">
          <error message="Could not initialize class com.sun.proxy.$Proxy0" type="java.lang.NoClassDefFoundError">java.lang.NoClassDefFoundError: Could not initialize class com.sun.proxy.$Proxy0
	at java.lang.reflect.Constructor.newInstance(Constructor.java:423)
	at java.lang.reflect.Proxy.newProxyInstance(Proxy.java:739)
	at org.jmock.core.CoreMock.&lt;init&gt;(Unknown Source)
	at org.jmock.core.CoreMock.&lt;init&gt;(Unknown Source)
	at org.jmock.MockObjectTestCase.newCoreMock(Unknown Source)
	at org.jmock.MockObjectTestCase.mock(Unknown Source)
	at org.jmock.MockObjectTestCase.mock(Unknown Source)
	at com.ibatis.jpetstore.service.AccountServiceTest.testShouldVerifyGetAccountIsCalledByUsername(AccountServiceTest.java:12)
	at org.jmock.core.VerifyingTestCase.runBare(Unknown Source)
</error>

      </testcase>

      <testcase classname="com.ibatis.jpetstore.service.AccountServiceTest" name="testShouldVerifyInsertAccountIsCalled" time="0.0">
          <error message="Could not initialize class com.sun.proxy.$Proxy0" type="java.lang.NoClassDefFoundError">java.lang.NoClassDefFoundError: Could not initialize class com.sun.proxy.$Proxy0
	at java.lang.reflect.Constructor.newInstance(Constructor.java:423)
	at java.lang.reflect.Proxy.newProxyInstance(Proxy.java:739)
	at org.jmock.core.CoreMock.&lt;init&gt;(Unknown Source)
	at org.jmock.core.CoreMock.&lt;init&gt;(Unknown Source)
	at org.jmock.MockObjectTestCase.newCoreMock(Unknown Source)
	at org.jmock.MockObjectTestCase.mock(Unknown Source)
	at org.jmock.MockObjectTestCase.mock(Unknown Source)
	at com.ibatis.jpetstore.service.AccountServiceTest.testShouldVerifyInsertAccountIsCalled(AccountServiceTest.java:36)
	at org.jmock.core.VerifyingTestCase.runBare(Unknown Source)
</error>

      </testcase>

      <testcase classname="com.ibatis.jpetstore.service.AccountServiceTest" name="testShouldVerifyGetAccountIsCalledByUsernameAndPassword" time="0.001">
          <error message="Could not initialize class com.sun.proxy.$Proxy0" type="java.lang.NoClassDefFoundError">java.lang.NoClassDefFoundError: Could not initialize class com.sun.proxy.$Proxy0
	at java.lang.reflect.Constructor.newInstance(Constructor.java:423)
	at java.lang.reflect.Proxy.newProxyInstance(Proxy.java:739)
	at org.jmock.core.CoreMock.&lt;init&gt;(Unknown Source)
	at org.jmock.core.CoreMock.&lt;init&gt;(Unknown Source)
	at org.jmock.MockObjectTestCase.newCoreMock(Unknown Source)
	at org.jmock.MockObjectTestCase.mock(Unknown Source)
	at org.jmock.MockObjectTestCase.mock(Unknown Source)
	at com.ibatis.jpetstore.service.AccountServiceTest.testShouldVerifyGetAccountIsCalledByUsernameAndPassword(AccountServiceTest.java:24)
	at org.jmock.core.VerifyingTestCase.runBare(Unknown Source)
</error>

      </testcase>

      <system-out><![CDATA[]]></system-out>

      <system-err><![CDATA[]]></system-err>

  </testsuite>
  <testsuite errors="8" failures="0" hostname="LP1-AP-51762237" id="13" name="CatalogServiceTest" package="com.ibatis.jpetstore.service" skipped="0" tests="8" time="0.085" timestamp="2019-04-28T17:20:52">
      <properties>
[...]
</properties>

      <testcase classname="com.ibatis.jpetstore.service.CatalogServiceTest" name="testCallSearchProductsOnProductDao" time="0.03">
          <error message="Expecting a stackmap frame at branch target 11&#xa;Exception Details:&#xa;  Location:&#xa;    com/ibatis/jpetstore/service/CatalogService.&lt;init&gt;()V @4: ifnonnull&#xa;  Reason:&#xa;    Expected stackmap frame at this location.&#xa;  Bytecode:&#xa;    0x0000000: b200 5859 c700 0757 b800 6203 324d 2ab7&#xa;    0x0000010: 0001 b800 024c 2a2b 1203 b900 0402 00c0&#xa;    0x0000020: 0003 b500 052a 2b12 06b9 0004 0200 c000&#xa;    0x0000030: 06b5 0007 2a2b 1208 b900 0402 00c0 0008&#xa;    0x0000040: b500 092c 0304 54b1                    &#xa;" type="java.lang.VerifyError">java.lang.VerifyError: Expecting a stackmap frame at branch target 11
Exception Details:
  Location:
    com/ibatis/jpetstore/service/CatalogService.&lt;init&gt;()V @4: ifnonnull
  Reason:
    Expected stackmap frame at this location.
  Bytecode:
    0x0000000: b200 5859 c700 0757 b800 6203 324d 2ab7
    0x0000010: 0001 b800 024c 2a2b 1203 b900 0402 00c0
    0x0000020: 0003 b500 052a 2b12 06b9 0004 0200 c000
    0x0000030: 06b5 0007 2a2b 1208 b900 0402 00c0 0008
    0x0000040: b500 092c 0304 54b1                    

	at com.ibatis.jpetstore.service.CatalogServiceTest.testCallSearchProductsOnProductDao(CatalogServiceTest.java:122)
	at org.jmock.core.VerifyingTestCase.runBare(Unknown Source)
</error>

      </testcase>

      <testcase classname="com.ibatis.jpetstore.service.CatalogServiceTest" name="testShouldCallGetItemListByProductOnItemDao" time="0.004">
          <error message="Illegal local variable table length 16 in method com.ibatis.jpetstore.domain.Order.&lt;init&gt;()V" type="java.lang.ClassFormatError">java.lang.ClassFormatError: Illegal local variable table length 16 in method com.ibatis.jpetstore.domain.Order.&lt;init&gt;()V
	at java.lang.Class.forName0(Native Method)
	at java.lang.Class.forName(Class.java:264)
	at com.sun.proxy.$Proxy1.&lt;clinit&gt;(Unknown Source)
	at java.lang.reflect.Constructor.newInstance(Constructor.java:423)
	at java.lang.reflect.Proxy.newProxyInstance(Proxy.java:739)
	at org.jmock.core.CoreMock.&lt;init&gt;(Unknown Source)
	at org.jmock.core.CoreMock.&lt;init&gt;(Unknown Source)
	at org.jmock.MockObjectTestCase.newCoreMock(Unknown Source)
	at org.jmock.MockObjectTestCase.mock(Unknown Source)
	at org.jmock.MockObjectTestCase.mock(Unknown Source)
	at com.ibatis.jpetstore.service.CatalogServiceTest.testShouldCallGetItemListByProductOnItemDao(CatalogServiceTest.java:60)
	at org.jmock.core.VerifyingTestCase.runBare(Unknown Source)
</error>

      </testcase>

      <testcase classname="com.ibatis.jpetstore.service.CatalogServiceTest" name="testShouldCallGetCategoryOnCategoryDao" time="0.002">
          <error message="Illegal local variable table length 5 in method com.ibatis.jpetstore.domain.Category.&lt;init&gt;()V" type="java.lang.ClassFormatError">java.lang.ClassFormatError: Illegal local variable table length 5 in method com.ibatis.jpetstore.domain.Category.&lt;init&gt;()V
	at com.ibatis.jpetstore.service.CatalogServiceTest.testShouldCallGetCategoryOnCategoryDao(CatalogServiceTest.java:23)
	at org.jmock.core.VerifyingTestCase.runBare(Unknown Source)
</error>

      </testcase>

      <testcase classname="com.ibatis.jpetstore.service.CatalogServiceTest" name="testShouldCallGetCategoryListOnCategoryDao" time="0.0">
          <error message="Expecting a stackmap frame at branch target 11&#xa;Exception Details:&#xa;  Location:&#xa;    com/ibatis/jpetstore/service/CatalogService.&lt;init&gt;()V @4: ifnonnull&#xa;  Reason:&#xa;    Expected stackmap frame at this location.&#xa;  Bytecode:&#xa;    0x0000000: b200 5859 c700 0757 b800 6203 324d 2ab7&#xa;    0x0000010: 0001 b800 024c 2a2b 1203 b900 0402 00c0&#xa;    0x0000020: 0003 b500 052a 2b12 06b9 0004 0200 c000&#xa;    0x0000030: 06b5 0007 2a2b 1208 b900 0402 00c0 0008&#xa;    0x0000040: b500 092c 0304 54b1                    &#xa;" type="java.lang.VerifyError">java.lang.VerifyError: Expecting a stackmap frame at branch target 11
Exception Details:
  Location:
    com/ibatis/jpetstore/service/CatalogService.&lt;init&gt;()V @4: ifnonnull
  Reason:
    Expected stackmap frame at this location.
  Bytecode:
    0x0000000: b200 5859 c700 0757 b800 6203 324d 2ab7
    0x0000010: 0001 b800 024c 2a2b 1203 b900 0402 00c0
    0x0000020: 0003 b500 052a 2b12 06b9 0004 0200 c000
    0x0000030: 06b5 0007 2a2b 1208 b900 0402 00c0 0008
    0x0000040: b500 092c 0304 54b1                    

	at com.ibatis.jpetstore.service.CatalogServiceTest.testShouldCallGetCategoryListOnCategoryDao(CatalogServiceTest.java:40)
	at org.jmock.core.VerifyingTestCase.runBare(Unknown Source)
</error>

      </testcase>

      <testcase classname="com.ibatis.jpetstore.service.CatalogServiceTest" name="testShouldCallGetProductOnProductDao" time="0.0">
          <error message="Illegal local variable table length 5 in method com.ibatis.jpetstore.domain.Product.&lt;init&gt;()V" type="java.lang.ClassFormatError">java.lang.ClassFormatError: Illegal local variable table length 5 in method com.ibatis.jpetstore.domain.Product.&lt;init&gt;()V
	at com.ibatis.jpetstore.service.CatalogServiceTest.testShouldCallGetProductOnProductDao(CatalogServiceTest.java:78)
	at org.jmock.core.VerifyingTestCase.runBare(Unknown Source)
</error>

      </testcase>

      <testcase classname="com.ibatis.jpetstore.service.CatalogServiceTest" name="testShouldCallGetItemOnItemDao" time="0.001">
          <error message="Could not initialize class com.sun.proxy.$Proxy1" type="java.lang.NoClassDefFoundError">java.lang.NoClassDefFoundError: Could not initialize class com.sun.proxy.$Proxy1
	at java.lang.reflect.Constructor.newInstance(Constructor.java:423)
	at java.lang.reflect.Proxy.newProxyInstance(Proxy.java:739)
	at org.jmock.core.CoreMock.&lt;init&gt;(Unknown Source)
	at org.jmock.core.CoreMock.&lt;init&gt;(Unknown Source)
	at org.jmock.MockObjectTestCase.newCoreMock(Unknown Source)
	at org.jmock.MockObjectTestCase.mock(Unknown Source)
	at org.jmock.MockObjectTestCase.mock(Unknown Source)
	at com.ibatis.jpetstore.service.CatalogServiceTest.testShouldCallGetItemOnItemDao(CatalogServiceTest.java:46)
	at org.jmock.core.VerifyingTestCase.runBare(Unknown Source)
</error>

      </testcase>

      <testcase classname="com.ibatis.jpetstore.service.CatalogServiceTest" name="testShouldFindProductIsInStock" time="0.001">
          <error message="Could not initialize class com.sun.proxy.$Proxy1" type="java.lang.NoClassDefFoundError">java.lang.NoClassDefFoundError: Could not initialize class com.sun.proxy.$Proxy1
	at java.lang.reflect.Constructor.newInstance(Constructor.java:423)
	at java.lang.reflect.Proxy.newProxyInstance(Proxy.java:739)
	at org.jmock.core.CoreMock.&lt;init&gt;(Unknown Source)
	at org.jmock.core.CoreMock.&lt;init&gt;(Unknown Source)
	at org.jmock.MockObjectTestCase.newCoreMock(Unknown Source)
	at org.jmock.MockObjectTestCase.mock(Unknown Source)
	at org.jmock.MockObjectTestCase.mock(Unknown Source)
	at com.ibatis.jpetstore.service.CatalogServiceTest.testShouldFindProductIsInStock(CatalogServiceTest.java:101)
	at org.jmock.core.VerifyingTestCase.runBare(Unknown Source)
</error>

      </testcase>

      <testcase classname="com.ibatis.jpetstore.service.CatalogServiceTest" name="testShouldCallGetProductListByCategoryOnProductDao" time="0.001">
          <error message="Expecting a stackmap frame at branch target 11&#xa;Exception Details:&#xa;  Location:&#xa;    com/ibatis/jpetstore/service/CatalogService.&lt;init&gt;()V @4: ifnonnull&#xa;  Reason:&#xa;    Expected stackmap frame at this location.&#xa;  Bytecode:&#xa;    0x0000000: b200 5859 c700 0757 b800 6203 324d 2ab7&#xa;    0x0000010: 0001 b800 024c 2a2b 1203 b900 0402 00c0&#xa;    0x0000020: 0003 b500 052a 2b12 06b9 0004 0200 c000&#xa;    0x0000030: 06b5 0007 2a2b 1208 b900 0402 00c0 0008&#xa;    0x0000040: b500 092c 0304 54b1                    &#xa;" type="java.lang.VerifyError">java.lang.VerifyError: Expecting a stackmap frame at branch target 11
Exception Details:
  Location:
    com/ibatis/jpetstore/service/CatalogService.&lt;init&gt;()V @4: ifnonnull
  Reason:
    Expected stackmap frame at this location.
  Bytecode:
    0x0000000: b200 5859 c700 0757 b800 6203 324d 2ab7
    0x0000010: 0001 b800 024c 2a2b 1203 b900 0402 00c0
    0x0000020: 0003 b500 052a 2b12 06b9 0004 0200 c000
    0x0000030: 06b5 0007 2a2b 1208 b900 0402 00c0 0008
    0x0000040: b500 092c 0304 54b1                    

	at com.ibatis.jpetstore.service.CatalogServiceTest.testShouldCallGetProductListByCategoryOnProductDao(CatalogServiceTest.java:95)
	at org.jmock.core.VerifyingTestCase.runBare(Unknown Source)
</error>

      </testcase>

      <system-out><![CDATA[]]></system-out>

      <system-err><![CDATA[]]></system-err>

  </testsuite>
  <testsuite errors="4" failures="0" hostname="LP1-AP-51762237" id="14" name="OrderServiceTest" package="com.ibatis.jpetstore.service" skipped="0" tests="4" time="0.078" timestamp="2019-04-28T17:20:53">
      <properties>
[...]
</properties>

      <testcase classname="com.ibatis.jpetstore.service.OrderServiceTest" name="testShouldCallGetOrderOnOrderDao" time="0.029">
          <error message="Illegal local variable table length 16 in method com.ibatis.jpetstore.domain.Order.&lt;init&gt;()V" type="java.lang.ClassFormatError">java.lang.ClassFormatError: Illegal local variable table length 16 in method com.ibatis.jpetstore.domain.Order.&lt;init&gt;()V
	at java.lang.Class.forName0(Native Method)
	at java.lang.Class.forName(Class.java:264)
	at com.sun.proxy.$Proxy0.&lt;clinit&gt;(Unknown Source)
	at java.lang.reflect.Constructor.newInstance(Constructor.java:423)
	at java.lang.reflect.Proxy.newProxyInstance(Proxy.java:739)
	at org.jmock.core.CoreMock.&lt;init&gt;(Unknown Source)
	at org.jmock.core.CoreMock.&lt;init&gt;(Unknown Source)
	at org.jmock.MockObjectTestCase.newCoreMock(Unknown Source)
	at org.jmock.MockObjectTestCase.mock(Unknown Source)
	at org.jmock.MockObjectTestCase.mock(Unknown Source)
	at com.ibatis.jpetstore.service.OrderServiceTest.testShouldCallGetOrderOnOrderDao(OrderServiceTest.java:17)
	at org.jmock.core.VerifyingTestCase.runBare(Unknown Source)
</error>

      </testcase>

      <testcase classname="com.ibatis.jpetstore.service.OrderServiceTest" name="testShouldCallInsertOrderOnOrderDao" time="0.005">
          <error message="Could not initialize class com.sun.proxy.$Proxy0" type="java.lang.NoClassDefFoundError">java.lang.NoClassDefFoundError: Could not initialize class com.sun.proxy.$Proxy0
	at java.lang.reflect.Constructor.newInstance(Constructor.java:423)
	at java.lang.reflect.Proxy.newProxyInstance(Proxy.java:739)
	at org.jmock.core.CoreMock.&lt;init&gt;(Unknown Source)
	at org.jmock.core.CoreMock.&lt;init&gt;(Unknown Source)
	at org.jmock.MockObjectTestCase.newCoreMock(Unknown Source)
	at org.jmock.MockObjectTestCase.mock(Unknown Source)
	at org.jmock.MockObjectTestCase.mock(Unknown Source)
	at com.ibatis.jpetstore.service.OrderServiceTest.testShouldCallInsertOrderOnOrderDao(OrderServiceTest.java:59)
	at org.jmock.core.VerifyingTestCase.runBare(Unknown Source)
</error>

      </testcase>

      <testcase classname="com.ibatis.jpetstore.service.OrderServiceTest" name="testShouldCallGetOrdersByUsernameOnOrderDao" time="0.001">
          <error message="Could not initialize class com.sun.proxy.$Proxy0" type="java.lang.NoClassDefFoundError">java.lang.NoClassDefFoundError: Could not initialize class com.sun.proxy.$Proxy0
	at java.lang.reflect.Constructor.newInstance(Constructor.java:423)
	at java.lang.reflect.Proxy.newProxyInstance(Proxy.java:739)
	at org.jmock.core.CoreMock.&lt;init&gt;(Unknown Source)
	at org.jmock.core.CoreMock.&lt;init&gt;(Unknown Source)
	at org.jmock.MockObjectTestCase.newCoreMock(Unknown Source)
	at org.jmock.MockObjectTestCase.mock(Unknown Source)
	at org.jmock.MockObjectTestCase.mock(Unknown Source)
	at com.ibatis.jpetstore.service.OrderServiceTest.testShouldCallGetOrdersByUsernameOnOrderDao(OrderServiceTest.java:42)
	at org.jmock.core.VerifyingTestCase.runBare(Unknown Source)
</error>

      </testcase>

      <testcase classname="com.ibatis.jpetstore.service.OrderServiceTest" name="testShouldCallGetNextIdOnSequenceDao" time="0.001">
          <error message="Expecting a stackmap frame at branch target 11&#xa;Exception Details:&#xa;  Location:&#xa;    com/ibatis/jpetstore/service/OrderService.&lt;init&gt;()V @4: ifnonnull&#xa;  Reason:&#xa;    Expected stackmap frame at this location.&#xa;  Bytecode:&#xa;    0x0000000: b200 8659 c700 0757 b800 9003 324c 2ab7&#xa;    0x0000010: 0001 2ab8 0002 b500 032a 2ab4 0003 1204&#xa;    0x0000020: b900 0502 00c0 0004 b500 062a 2ab4 0003&#xa;    0x0000030: 1207 b900 0502 00c0 0007 b500 082a 2ab4&#xa;    0x0000040: 0003 1209 b900 0502 00c0 0009 b500 0a2b&#xa;    0x0000050: 0304 54b1                              &#xa;" type="java.lang.VerifyError">java.lang.VerifyError: Expecting a stackmap frame at branch target 11
Exception Details:
  Location:
    com/ibatis/jpetstore/service/OrderService.&lt;init&gt;()V @4: ifnonnull
  Reason:
    Expected stackmap frame at this location.
  Bytecode:
    0x0000000: b200 8659 c700 0757 b800 9003 324c 2ab7
    0x0000010: 0001 2ab8 0002 b500 032a 2ab4 0003 1204
    0x0000020: b900 0502 00c0 0004 b500 062a 2ab4 0003
    0x0000030: 1207 b900 0502 00c0 0007 b500 082a 2ab4
    0x0000040: 0003 1209 b900 0502 00c0 0009 b500 0a2b
    0x0000050: 0304 54b1                              

	at com.ibatis.jpetstore.service.OrderServiceTest.testShouldCallGetNextIdOnSequenceDao(OrderServiceTest.java:95)
	at org.jmock.core.VerifyingTestCase.runBare(Unknown Source)
</error>

      </testcase>

      <system-out><![CDATA[]]></system-out>

      <system-err><![CDATA[]]></system-err>

  </testsuite>
</testsuites>
